2025-05-09 11:16:16 INFO  Utils:112 - [Utils] MethodGroupsHelper.collectMethodsByGroup() took 0 ms.
2025-05-09 11:16:16 INFO  Utils:112 - [Utils] MethodGroupsHelper.sortMethods() took 0 ms.
2025-05-09 11:16:16 INFO  Utils:112 - [Utils] MethodGroupsHelper.collectMethodsByGroup() took 0 ms.
2025-05-09 11:16:16 INFO  Utils:112 - [Utils] MethodGroupsHelper.sortMethods() took 0 ms.
2025-05-09 11:16:16 INFO  Utils:112 - [Utils] MethodGroupsHelper.collectMethodsByGroup() took 0 ms.
2025-05-09 11:16:16 INFO  Utils:112 - [Utils] MethodGroupsHelper.sortMethods() took 0 ms.
2025-05-09 11:16:16 INFO  Utils:112 - [Utils] MethodGroupsHelper.collectMethodsByGroup() took 0 ms.
2025-05-09 11:16:16 INFO  Utils:112 - [Utils] MethodGroupsHelper.sortMethods() took 0 ms.
2025-05-09 11:16:16 INFO  Utils:112 - [Utils] MethodGroupsHelper.collectMethodsByGroup() took 8 ms.
2025-05-09 11:16:16 INFO  Utils:112 - [Utils] MethodGroupsHelper.sortMethods() took 18 ms.
2025-05-09 11:16:16 INFO  Utils:112 - [Utils] MethodGroupsHelper.collectMethodsByGroup() took 0 ms.
2025-05-09 11:16:16 INFO  Utils:112 - [Utils] MethodGroupsHelper.sortMethods() took 0 ms.
2025-05-09 11:16:16 INFO  Utils:112 - [Utils] MethodGroupsHelper.collectMethodsByGroup() took 0 ms.
2025-05-09 11:16:16 INFO  Utils:112 - [Utils] MethodGroupsHelper.sortMethods() took 0 ms.
2025-05-09 11:16:16 INFO  Utils:112 - [Utils] MethodGroupsHelper.collectMethodsByGroup() took 0 ms.
2025-05-09 11:16:16 INFO  Utils:112 - [Utils] MethodGroupsHelper.sortMethods() took 0 ms.
2025-05-09 11:16:16 INFO  Utils:112 - [Utils] MethodGroupsHelper.collectMethodsByGroup() took 0 ms.
2025-05-09 11:16:16 INFO  Utils:112 - [Utils] MethodGroupsHelper.sortMethods() took 0 ms.
2025-05-09 11:16:16 INFO  Utils:112 - [Utils] MethodGroupsHelper.collectMethodsByGroup() took 0 ms.
2025-05-09 11:16:16 INFO  Utils:112 - [Utils] MethodGroupsHelper.sortMethods() took 0 ms.
2025-05-09 11:16:16 INFO  Utils:112 - [Utils] MethodGroupsHelper.collectMethodsByGroup() took 0 ms.
2025-05-09 11:16:16 INFO  Utils:112 - [Utils] MethodGroupsHelper.sortMethods() took 0 ms.
2025-05-09 11:16:16 INFO  Utils:112 - [Utils] MethodGroupsHelper.collectMethodsByGroup() took 0 ms.
2025-05-09 11:16:16 INFO  Utils:112 - [Utils] MethodGroupsHelper.sortMethods() took 0 ms.
2025-05-09 11:16:16 INFO  Utils:112 - [Utils] MethodGroupsHelper.collectMethodsByGroup() took 0 ms.
2025-05-09 11:16:16 INFO  Utils:112 - [Utils] MethodGroupsHelper.sortMethods() took 0 ms.
2025-05-09 11:16:16 INFO  Utils:112 - [Utils] MethodGroupsHelper.collectMethodsByGroup() took 0 ms.
2025-05-09 11:16:16 INFO  Utils:112 - [Utils] MethodGroupsHelper.sortMethods() took 0 ms.
2025-05-09 11:16:16 INFO  Utils:112 - [Utils] MethodGroupsHelper.collectMethodsByGroup() took 0 ms.
2025-05-09 11:16:16 INFO  Utils:112 - [Utils] MethodGroupsHelper.sortMethods() took 0 ms.
2025-05-09 11:16:16 INFO  Utils:112 - [Utils] MethodGroupsHelper.collectMethodsByGroup() took 0 ms.
2025-05-09 11:16:16 INFO  Utils:112 - [Utils] MethodGroupsHelper.sortMethods() took 0 ms.
2025-05-09 11:16:16 INFO  Utils:112 - [Utils] MethodGroupsHelper.collectMethodsByGroup() took 0 ms.
2025-05-09 11:16:16 INFO  Utils:112 - [Utils] MethodGroupsHelper.sortMethods() took 0 ms.
2025-05-09 11:16:16 INFO  Utils:112 - [Utils] MethodGroupsHelper.collectMethodsByGroup() took 0 ms.
2025-05-09 11:16:16 INFO  Utils:112 - [Utils] MethodGroupsHelper.sortMethods() took 0 ms.
2025-05-09 11:16:16 INFO  Utils:112 - [Utils] MethodGroupsHelper.collectMethodsByGroup() took 0 ms.
2025-05-09 11:16:16 INFO  Utils:112 - [Utils] MethodGroupsHelper.sortMethods() took 0 ms.
2025-05-09 11:16:16 INFO  Utils:112 - [Utils] MethodGroupsHelper.collectMethodsByGroup() took 0 ms.
2025-05-09 11:16:16 INFO  Utils:112 - [Utils] MethodGroupsHelper.sortMethods() took 0 ms.
2025-05-09 11:16:16 INFO  Utils:112 - [Utils] MethodGroupsHelper.collectMethodsByGroup() took 0 ms.
2025-05-09 11:16:16 INFO  Utils:112 - [Utils] MethodGroupsHelper.sortMethods() took 0 ms.
2025-05-09 11:16:16 INFO  Utils:112 - [Utils] MethodGroupsHelper.collectMethodsByGroup() took 0 ms.
2025-05-09 11:16:16 INFO  Utils:112 - [Utils] MethodGroupsHelper.sortMethods() took 0 ms.
2025-05-09 11:16:16 INFO  Utils:112 - [Utils] MethodGroupsHelper.collectMethodsByGroup() took 0 ms.
2025-05-09 11:16:16 INFO  Utils:112 - [Utils] MethodGroupsHelper.sortMethods() took 7 ms.
2025-05-09 11:16:16 INFO  Utils:112 - [Utils] MethodGroupsHelper.collectMethodsByGroup() took 0 ms.
2025-05-09 11:16:16 INFO  Utils:112 - [Utils] MethodGroupsHelper.sortMethods() took 0 ms.
2025-05-09 11:16:16 INFO  Utils:112 - [Utils] MethodGroupsHelper.collectMethodsByGroup() took 0 ms.
2025-05-09 11:16:16 INFO  Utils:112 - [Utils] MethodGroupsHelper.sortMethods() took 0 ms.
2025-05-09 11:16:16 INFO  Utils:112 - [TestNG] Running:
  D:\OpenCart\grouping.xml

2025-05-09 11:16:17 INFO  Utils:112 - [Utils] DynamicGraphHelper.createDynamicGraph() took 6 ms.
2025-05-09 11:16:23 INFO  AccountRegistrationTest:14 - ***** Starting AccountRegistrationTest *****
2025-05-09 11:16:24 INFO  AccountRegistrationTest:19 - Clicked on MyAccount Link...
2025-05-09 11:16:24 INFO  AccountRegistrationTest:21 - Clicked on Register Link...
2025-05-09 11:16:24 INFO  AccountRegistrationTest:23 - Providing customer details...
2025-05-09 11:16:26 INFO  AccountRegistrationTest:38 - Validating expected message...
2025-05-09 11:16:26 INFO  AccountRegistrationTest:47 - ***** Finished AccountRegistrationTest *****
2025-05-09 11:16:31 INFO  LoginTest:15 - ***** Starting TC_002_LoginTest *****
2025-05-09 11:16:33 INFO  LoginTest:35 - ***** Finished TC_002_LoginTest *****
2025-05-09 11:16:35 INFO  Utils:112 - [TestNG] Time taken by org.testng.internal.ExitCodeListener@3bd2af5b: 0 ms
2025-05-09 11:18:40 INFO  Utils:112 - [Utils] MethodGroupsHelper.collectMethodsByGroup() took 0 ms.
2025-05-09 11:18:40 INFO  Utils:112 - [Utils] MethodGroupsHelper.sortMethods() took 1 ms.
2025-05-09 11:18:40 INFO  Utils:112 - [Utils] MethodGroupsHelper.collectMethodsByGroup() took 0 ms.
2025-05-09 11:18:40 INFO  Utils:112 - [Utils] MethodGroupsHelper.sortMethods() took 0 ms.
2025-05-09 11:18:40 INFO  Utils:112 - [Utils] MethodGroupsHelper.collectMethodsByGroup() took 0 ms.
2025-05-09 11:18:40 INFO  Utils:112 - [Utils] MethodGroupsHelper.sortMethods() took 0 ms.
2025-05-09 11:18:40 INFO  Utils:112 - [Utils] MethodGroupsHelper.collectMethodsByGroup() took 0 ms.
2025-05-09 11:18:40 INFO  Utils:112 - [Utils] MethodGroupsHelper.sortMethods() took 0 ms.
2025-05-09 11:18:40 INFO  Utils:112 - [Utils] MethodGroupsHelper.collectMethodsByGroup() took 9 ms.
2025-05-09 11:18:40 INFO  Utils:112 - [Utils] MethodGroupsHelper.sortMethods() took 12 ms.
2025-05-09 11:18:40 INFO  Utils:112 - [Utils] MethodGroupsHelper.collectMethodsByGroup() took 0 ms.
2025-05-09 11:18:40 INFO  Utils:112 - [Utils] MethodGroupsHelper.sortMethods() took 0 ms.
2025-05-09 11:18:40 INFO  Utils:112 - [Utils] MethodGroupsHelper.collectMethodsByGroup() took 0 ms.
2025-05-09 11:18:40 INFO  Utils:112 - [Utils] MethodGroupsHelper.sortMethods() took 0 ms.
2025-05-09 11:18:40 INFO  Utils:112 - [Utils] MethodGroupsHelper.collectMethodsByGroup() took 0 ms.
2025-05-09 11:18:40 INFO  Utils:112 - [Utils] MethodGroupsHelper.sortMethods() took 0 ms.
2025-05-09 11:18:40 INFO  Utils:112 - [Utils] MethodGroupsHelper.collectMethodsByGroup() took 0 ms.
2025-05-09 11:18:40 INFO  Utils:112 - [Utils] MethodGroupsHelper.sortMethods() took 0 ms.
2025-05-09 11:18:40 INFO  Utils:112 - [Utils] MethodGroupsHelper.collectMethodsByGroup() took 0 ms.
2025-05-09 11:18:40 INFO  Utils:112 - [Utils] MethodGroupsHelper.sortMethods() took 0 ms.
2025-05-09 11:18:40 INFO  Utils:112 - [Utils] MethodGroupsHelper.collectMethodsByGroup() took 0 ms.
2025-05-09 11:18:40 INFO  Utils:112 - [Utils] MethodGroupsHelper.sortMethods() took 0 ms.
2025-05-09 11:18:40 INFO  Utils:112 - [Utils] MethodGroupsHelper.collectMethodsByGroup() took 0 ms.
2025-05-09 11:18:40 INFO  Utils:112 - [Utils] MethodGroupsHelper.sortMethods() took 0 ms.
2025-05-09 11:18:40 INFO  Utils:112 - [Utils] MethodGroupsHelper.collectMethodsByGroup() took 0 ms.
2025-05-09 11:18:40 INFO  Utils:112 - [Utils] MethodGroupsHelper.sortMethods() took 0 ms.
2025-05-09 11:18:40 INFO  Utils:112 - [Utils] MethodGroupsHelper.collectMethodsByGroup() took 0 ms.
2025-05-09 11:18:40 INFO  Utils:112 - [Utils] MethodGroupsHelper.sortMethods() took 0 ms.
2025-05-09 11:18:40 INFO  Utils:112 - [Utils] MethodGroupsHelper.collectMethodsByGroup() took 0 ms.
2025-05-09 11:18:40 INFO  Utils:112 - [Utils] MethodGroupsHelper.sortMethods() took 0 ms.
2025-05-09 11:18:40 INFO  Utils:112 - [Utils] MethodGroupsHelper.collectMethodsByGroup() took 0 ms.
2025-05-09 11:18:40 INFO  Utils:112 - [Utils] MethodGroupsHelper.sortMethods() took 0 ms.
2025-05-09 11:18:40 INFO  Utils:112 - [Utils] MethodGroupsHelper.collectMethodsByGroup() took 0 ms.
2025-05-09 11:18:40 INFO  Utils:112 - [Utils] MethodGroupsHelper.sortMethods() took 0 ms.
2025-05-09 11:18:40 INFO  Utils:112 - [Utils] MethodGroupsHelper.collectMethodsByGroup() took 0 ms.
2025-05-09 11:18:40 INFO  Utils:112 - [Utils] MethodGroupsHelper.sortMethods() took 0 ms.
2025-05-09 11:18:40 INFO  Utils:112 - [Utils] MethodGroupsHelper.collectMethodsByGroup() took 0 ms.
2025-05-09 11:18:40 INFO  Utils:112 - [Utils] MethodGroupsHelper.sortMethods() took 0 ms.
2025-05-09 11:18:40 INFO  Utils:112 - [Utils] MethodGroupsHelper.collectMethodsByGroup() took 0 ms.
2025-05-09 11:18:40 INFO  Utils:112 - [Utils] MethodGroupsHelper.sortMethods() took 0 ms.
2025-05-09 11:18:40 INFO  Utils:112 - [Utils] MethodGroupsHelper.collectMethodsByGroup() took 0 ms.
2025-05-09 11:18:40 INFO  Utils:112 - [Utils] MethodGroupsHelper.sortMethods() took 0 ms.
2025-05-09 11:18:40 INFO  Utils:112 - [Utils] MethodGroupsHelper.collectMethodsByGroup() took 0 ms.
2025-05-09 11:18:40 INFO  Utils:112 - [Utils] MethodGroupsHelper.sortMethods() took 0 ms.
2025-05-09 11:18:40 INFO  Utils:112 - [Utils] MethodGroupsHelper.collectMethodsByGroup() took 0 ms.
2025-05-09 11:18:40 INFO  Utils:112 - [Utils] MethodGroupsHelper.sortMethods() took 6 ms.
2025-05-09 11:18:40 INFO  Utils:112 - [Utils] MethodGroupsHelper.collectMethodsByGroup() took 0 ms.
2025-05-09 11:18:40 INFO  Utils:112 - [Utils] MethodGroupsHelper.sortMethods() took 0 ms.
2025-05-09 11:18:40 INFO  Utils:112 - [Utils] MethodGroupsHelper.collectMethodsByGroup() took 0 ms.
2025-05-09 11:18:40 INFO  Utils:112 - [Utils] MethodGroupsHelper.sortMethods() took 0 ms.
2025-05-09 11:18:40 INFO  Utils:112 - [TestNG] Running:
  D:\OpenCart\grouping.xml

2025-05-09 11:18:41 INFO  Utils:112 - [Utils] DynamicGraphHelper.createDynamicGraph() took 7 ms.
2025-05-09 11:18:46 INFO  AccountRegistrationTest:14 - ***** Starting AccountRegistrationTest *****
2025-05-09 11:18:46 INFO  AccountRegistrationTest:19 - Clicked on MyAccount Link...
2025-05-09 11:18:47 INFO  AccountRegistrationTest:21 - Clicked on Register Link...
2025-05-09 11:18:47 INFO  AccountRegistrationTest:23 - Providing customer details...
2025-05-09 11:18:48 INFO  AccountRegistrationTest:38 - Validating expected message...
2025-05-09 11:18:49 INFO  AccountRegistrationTest:47 - ***** Finished AccountRegistrationTest *****
2025-05-09 11:18:53 INFO  LoginTest:15 - ***** Starting TC_002_LoginTest *****
2025-05-09 11:19:07 INFO  Utils:112 - [TestNG] Time taken by org.testng.internal.ExitCodeListener@10f7918f: 0 ms
2025-05-09 11:23:52 INFO  Utils:112 - [Utils] MethodGroupsHelper.collectMethodsByGroup() took 1 ms.
2025-05-09 11:23:52 INFO  Utils:112 - [Utils] MethodGroupsHelper.sortMethods() took 2 ms.
2025-05-09 11:23:52 INFO  Utils:112 - [Utils] MethodGroupsHelper.collectMethodsByGroup() took 0 ms.
2025-05-09 11:23:52 INFO  Utils:112 - [Utils] MethodGroupsHelper.sortMethods() took 0 ms.
2025-05-09 11:23:52 INFO  Utils:112 - [Utils] MethodGroupsHelper.collectMethodsByGroup() took 0 ms.
2025-05-09 11:23:52 INFO  Utils:112 - [Utils] MethodGroupsHelper.sortMethods() took 0 ms.
2025-05-09 11:23:52 INFO  Utils:112 - [Utils] MethodGroupsHelper.collectMethodsByGroup() took 0 ms.
2025-05-09 11:23:52 INFO  Utils:112 - [Utils] MethodGroupsHelper.sortMethods() took 0 ms.
2025-05-09 11:23:52 INFO  Utils:112 - [Utils] MethodGroupsHelper.collectMethodsByGroup() took 10 ms.
2025-05-09 11:23:52 INFO  Utils:112 - [Utils] MethodGroupsHelper.sortMethods() took 14 ms.
2025-05-09 11:23:52 INFO  Utils:112 - [Utils] MethodGroupsHelper.collectMethodsByGroup() took 0 ms.
2025-05-09 11:23:52 INFO  Utils:112 - [Utils] MethodGroupsHelper.sortMethods() took 0 ms.
2025-05-09 11:23:52 INFO  Utils:112 - [Utils] MethodGroupsHelper.collectMethodsByGroup() took 0 ms.
2025-05-09 11:23:52 INFO  Utils:112 - [Utils] MethodGroupsHelper.sortMethods() took 0 ms.
2025-05-09 11:23:52 INFO  Utils:112 - [Utils] MethodGroupsHelper.collectMethodsByGroup() took 0 ms.
2025-05-09 11:23:52 INFO  Utils:112 - [Utils] MethodGroupsHelper.sortMethods() took 0 ms.
2025-05-09 11:23:52 INFO  Utils:112 - [Utils] MethodGroupsHelper.collectMethodsByGroup() took 0 ms.
2025-05-09 11:23:52 INFO  Utils:112 - [Utils] MethodGroupsHelper.sortMethods() took 0 ms.
2025-05-09 11:23:52 INFO  Utils:112 - [Utils] MethodGroupsHelper.collectMethodsByGroup() took 0 ms.
2025-05-09 11:23:52 INFO  Utils:112 - [Utils] MethodGroupsHelper.sortMethods() took 0 ms.
2025-05-09 11:23:52 INFO  Utils:112 - [Utils] MethodGroupsHelper.collectMethodsByGroup() took 0 ms.
2025-05-09 11:23:52 INFO  Utils:112 - [Utils] MethodGroupsHelper.sortMethods() took 0 ms.
2025-05-09 11:23:52 INFO  Utils:112 - [Utils] MethodGroupsHelper.collectMethodsByGroup() took 0 ms.
2025-05-09 11:23:52 INFO  Utils:112 - [Utils] MethodGroupsHelper.sortMethods() took 0 ms.
2025-05-09 11:23:52 INFO  Utils:112 - [Utils] MethodGroupsHelper.collectMethodsByGroup() took 0 ms.
2025-05-09 11:23:52 INFO  Utils:112 - [Utils] MethodGroupsHelper.sortMethods() took 0 ms.
2025-05-09 11:23:52 INFO  Utils:112 - [Utils] MethodGroupsHelper.collectMethodsByGroup() took 0 ms.
2025-05-09 11:23:52 INFO  Utils:112 - [Utils] MethodGroupsHelper.sortMethods() took 0 ms.
2025-05-09 11:23:52 INFO  Utils:112 - [Utils] MethodGroupsHelper.collectMethodsByGroup() took 0 ms.
2025-05-09 11:23:52 INFO  Utils:112 - [Utils] MethodGroupsHelper.sortMethods() took 0 ms.
2025-05-09 11:23:52 INFO  Utils:112 - [Utils] MethodGroupsHelper.collectMethodsByGroup() took 0 ms.
2025-05-09 11:23:52 INFO  Utils:112 - [Utils] MethodGroupsHelper.sortMethods() took 0 ms.
2025-05-09 11:23:52 INFO  Utils:112 - [Utils] MethodGroupsHelper.collectMethodsByGroup() took 0 ms.
2025-05-09 11:23:52 INFO  Utils:112 - [Utils] MethodGroupsHelper.sortMethods() took 0 ms.
2025-05-09 11:23:52 INFO  Utils:112 - [Utils] MethodGroupsHelper.collectMethodsByGroup() took 0 ms.
2025-05-09 11:23:52 INFO  Utils:112 - [Utils] MethodGroupsHelper.sortMethods() took 0 ms.
2025-05-09 11:23:52 INFO  Utils:112 - [Utils] MethodGroupsHelper.collectMethodsByGroup() took 0 ms.
2025-05-09 11:23:52 INFO  Utils:112 - [Utils] MethodGroupsHelper.sortMethods() took 0 ms.
2025-05-09 11:23:52 INFO  Utils:112 - [Utils] MethodGroupsHelper.collectMethodsByGroup() took 0 ms.
2025-05-09 11:23:52 INFO  Utils:112 - [Utils] MethodGroupsHelper.sortMethods() took 0 ms.
2025-05-09 11:23:52 INFO  Utils:112 - [Utils] MethodGroupsHelper.collectMethodsByGroup() took 0 ms.
2025-05-09 11:23:52 INFO  Utils:112 - [Utils] MethodGroupsHelper.sortMethods() took 0 ms.
2025-05-09 11:23:52 INFO  Utils:112 - [Utils] MethodGroupsHelper.collectMethodsByGroup() took 0 ms.
2025-05-09 11:23:52 INFO  Utils:112 - [Utils] MethodGroupsHelper.sortMethods() took 0 ms.
2025-05-09 11:23:52 INFO  Utils:112 - [Utils] MethodGroupsHelper.collectMethodsByGroup() took 0 ms.
2025-05-09 11:23:52 INFO  Utils:112 - [Utils] MethodGroupsHelper.sortMethods() took 4 ms.
2025-05-09 11:23:52 INFO  Utils:112 - [Utils] MethodGroupsHelper.collectMethodsByGroup() took 0 ms.
2025-05-09 11:23:52 INFO  Utils:112 - [Utils] MethodGroupsHelper.sortMethods() took 0 ms.
2025-05-09 11:23:52 INFO  Utils:112 - [Utils] MethodGroupsHelper.collectMethodsByGroup() took 0 ms.
2025-05-09 11:23:52 INFO  Utils:112 - [Utils] MethodGroupsHelper.sortMethods() took 0 ms.
2025-05-09 11:23:52 INFO  Utils:112 - [TestNG] Running:
  D:\OpenCart\grouping.xml

2025-05-09 11:23:52 INFO  Utils:112 - [Utils] DynamicGraphHelper.createDynamicGraph() took 7 ms.
2025-05-09 11:23:57 INFO  AccountRegistrationTest:14 - ***** Starting AccountRegistrationTest *****
2025-05-09 11:23:57 INFO  AccountRegistrationTest:19 - Clicked on MyAccount Link...
2025-05-09 11:23:58 INFO  AccountRegistrationTest:21 - Clicked on Register Link...
2025-05-09 11:23:58 INFO  AccountRegistrationTest:23 - Providing customer details...
2025-05-09 11:23:59 INFO  AccountRegistrationTest:38 - Validating expected message...
2025-05-09 11:23:59 INFO  AccountRegistrationTest:47 - ***** Finished AccountRegistrationTest *****
2025-05-09 11:24:04 INFO  LoginTest:15 - ***** Starting TC_002_LoginTest *****
2025-05-09 11:24:06 INFO  LoginTest:35 - ***** Finished TC_002_LoginTest *****
2025-05-09 11:24:08 INFO  Utils:112 - [TestNG] Time taken by org.testng.internal.ExitCodeListener@2f5b8250: 0 ms
2025-05-09 11:30:27 INFO  Utils:112 - [Utils] MethodGroupsHelper.collectMethodsByGroup() took 0 ms.
2025-05-09 11:30:27 INFO  Utils:112 - [Utils] MethodGroupsHelper.sortMethods() took 0 ms.
2025-05-09 11:30:27 INFO  Utils:112 - [Utils] MethodGroupsHelper.collectMethodsByGroup() took 0 ms.
2025-05-09 11:30:27 INFO  Utils:112 - [Utils] MethodGroupsHelper.sortMethods() took 0 ms.
2025-05-09 11:30:27 INFO  Utils:112 - [Utils] MethodGroupsHelper.collectMethodsByGroup() took 0 ms.
2025-05-09 11:30:27 INFO  Utils:112 - [Utils] MethodGroupsHelper.sortMethods() took 0 ms.
2025-05-09 11:30:27 INFO  Utils:112 - [Utils] MethodGroupsHelper.collectMethodsByGroup() took 0 ms.
2025-05-09 11:30:27 INFO  Utils:112 - [Utils] MethodGroupsHelper.sortMethods() took 0 ms.
2025-05-09 11:30:27 INFO  Utils:112 - [Utils] MethodGroupsHelper.collectMethodsByGroup() took 9 ms.
2025-05-09 11:30:27 INFO  Utils:112 - [Utils] MethodGroupsHelper.sortMethods() took 13 ms.
2025-05-09 11:30:27 INFO  Utils:112 - [Utils] MethodGroupsHelper.collectMethodsByGroup() took 0 ms.
2025-05-09 11:30:27 INFO  Utils:112 - [Utils] MethodGroupsHelper.sortMethods() took 0 ms.
2025-05-09 11:30:27 INFO  Utils:112 - [Utils] MethodGroupsHelper.collectMethodsByGroup() took 0 ms.
2025-05-09 11:30:27 INFO  Utils:112 - [Utils] MethodGroupsHelper.sortMethods() took 0 ms.
2025-05-09 11:30:27 INFO  Utils:112 - [Utils] MethodGroupsHelper.collectMethodsByGroup() took 0 ms.
2025-05-09 11:30:27 INFO  Utils:112 - [Utils] MethodGroupsHelper.sortMethods() took 0 ms.
2025-05-09 11:30:27 INFO  Utils:112 - [Utils] MethodGroupsHelper.collectMethodsByGroup() took 0 ms.
2025-05-09 11:30:27 INFO  Utils:112 - [Utils] MethodGroupsHelper.sortMethods() took 0 ms.
2025-05-09 11:30:27 INFO  Utils:112 - [Utils] MethodGroupsHelper.collectMethodsByGroup() took 0 ms.
2025-05-09 11:30:27 INFO  Utils:112 - [Utils] MethodGroupsHelper.sortMethods() took 0 ms.
2025-05-09 11:30:27 INFO  Utils:112 - [Utils] MethodGroupsHelper.collectMethodsByGroup() took 0 ms.
2025-05-09 11:30:27 INFO  Utils:112 - [Utils] MethodGroupsHelper.sortMethods() took 0 ms.
2025-05-09 11:30:27 INFO  Utils:112 - [Utils] MethodGroupsHelper.collectMethodsByGroup() took 0 ms.
2025-05-09 11:30:27 INFO  Utils:112 - [Utils] MethodGroupsHelper.sortMethods() took 0 ms.
2025-05-09 11:30:27 INFO  Utils:112 - [Utils] MethodGroupsHelper.collectMethodsByGroup() took 0 ms.
2025-05-09 11:30:27 INFO  Utils:112 - [Utils] MethodGroupsHelper.sortMethods() took 0 ms.
2025-05-09 11:30:27 INFO  Utils:112 - [Utils] MethodGroupsHelper.collectMethodsByGroup() took 0 ms.
2025-05-09 11:30:27 INFO  Utils:112 - [Utils] MethodGroupsHelper.sortMethods() took 0 ms.
2025-05-09 11:30:27 INFO  Utils:112 - [Utils] MethodGroupsHelper.collectMethodsByGroup() took 0 ms.
2025-05-09 11:30:27 INFO  Utils:112 - [Utils] MethodGroupsHelper.sortMethods() took 0 ms.
2025-05-09 11:30:27 INFO  Utils:112 - [Utils] MethodGroupsHelper.collectMethodsByGroup() took 0 ms.
2025-05-09 11:30:27 INFO  Utils:112 - [Utils] MethodGroupsHelper.sortMethods() took 0 ms.
2025-05-09 11:30:27 INFO  Utils:112 - [Utils] MethodGroupsHelper.collectMethodsByGroup() took 0 ms.
2025-05-09 11:30:27 INFO  Utils:112 - [Utils] MethodGroupsHelper.sortMethods() took 0 ms.
2025-05-09 11:30:27 INFO  Utils:112 - [Utils] MethodGroupsHelper.collectMethodsByGroup() took 0 ms.
2025-05-09 11:30:27 INFO  Utils:112 - [Utils] MethodGroupsHelper.sortMethods() took 0 ms.
2025-05-09 11:30:27 INFO  Utils:112 - [Utils] MethodGroupsHelper.collectMethodsByGroup() took 0 ms.
2025-05-09 11:30:27 INFO  Utils:112 - [Utils] MethodGroupsHelper.sortMethods() took 0 ms.
2025-05-09 11:30:27 INFO  Utils:112 - [Utils] MethodGroupsHelper.collectMethodsByGroup() took 0 ms.
2025-05-09 11:30:27 INFO  Utils:112 - [Utils] MethodGroupsHelper.sortMethods() took 0 ms.
2025-05-09 11:30:27 INFO  Utils:112 - [Utils] MethodGroupsHelper.collectMethodsByGroup() took 0 ms.
2025-05-09 11:30:27 INFO  Utils:112 - [Utils] MethodGroupsHelper.sortMethods() took 0 ms.
2025-05-09 11:30:27 INFO  Utils:112 - [Utils] MethodGroupsHelper.collectMethodsByGroup() took 0 ms.
2025-05-09 11:30:27 INFO  Utils:112 - [Utils] MethodGroupsHelper.sortMethods() took 0 ms.
2025-05-09 11:30:27 INFO  Utils:112 - [Utils] MethodGroupsHelper.collectMethodsByGroup() took 0 ms.
2025-05-09 11:30:27 INFO  Utils:112 - [Utils] MethodGroupsHelper.sortMethods() took 5 ms.
2025-05-09 11:30:27 INFO  Utils:112 - [Utils] MethodGroupsHelper.collectMethodsByGroup() took 0 ms.
2025-05-09 11:30:27 INFO  Utils:112 - [Utils] MethodGroupsHelper.sortMethods() took 0 ms.
2025-05-09 11:30:27 INFO  Utils:112 - [Utils] MethodGroupsHelper.collectMethodsByGroup() took 0 ms.
2025-05-09 11:30:27 INFO  Utils:112 - [Utils] MethodGroupsHelper.sortMethods() took 0 ms.
2025-05-09 11:30:27 INFO  Utils:112 - [TestNG] Running:
  D:\OpenCart\grouping.xml

2025-05-09 11:30:28 INFO  Utils:112 - [Utils] DynamicGraphHelper.createDynamicGraph() took 7 ms.
2025-05-09 11:30:32 INFO  AccountRegistrationTest:14 - ***** Starting AccountRegistrationTest *****
2025-05-09 11:30:32 INFO  AccountRegistrationTest:19 - Clicked on MyAccount Link...
2025-05-09 11:30:33 INFO  AccountRegistrationTest:21 - Clicked on Register Link...
2025-05-09 11:30:33 INFO  AccountRegistrationTest:23 - Providing customer details...
2025-05-09 11:30:35 INFO  AccountRegistrationTest:38 - Validating expected message...
2025-05-09 11:30:35 INFO  AccountRegistrationTest:47 - ***** Finished AccountRegistrationTest *****
2025-05-09 11:30:39 INFO  LoginTest:15 - ***** Starting TC_002_LoginTest *****
2025-05-09 11:30:52 INFO  Utils:112 - [TestNG] Time taken by org.testng.internal.ExitCodeListener@7afc4db9: 0 ms
2025-05-09 11:39:30 INFO  Utils:112 - [Utils] MethodGroupsHelper.collectMethodsByGroup() took 0 ms.
2025-05-09 11:39:30 INFO  Utils:112 - [Utils] MethodGroupsHelper.sortMethods() took 1 ms.
2025-05-09 11:39:30 INFO  Utils:112 - [Utils] MethodGroupsHelper.collectMethodsByGroup() took 0 ms.
2025-05-09 11:39:30 INFO  Utils:112 - [Utils] MethodGroupsHelper.sortMethods() took 0 ms.
2025-05-09 11:39:30 INFO  Utils:112 - [Utils] MethodGroupsHelper.collectMethodsByGroup() took 0 ms.
2025-05-09 11:39:30 INFO  Utils:112 - [Utils] MethodGroupsHelper.sortMethods() took 0 ms.
2025-05-09 11:39:30 INFO  Utils:112 - [Utils] MethodGroupsHelper.collectMethodsByGroup() took 0 ms.
2025-05-09 11:39:30 INFO  Utils:112 - [Utils] MethodGroupsHelper.sortMethods() took 0 ms.
2025-05-09 11:39:30 INFO  Utils:112 - [Utils] MethodGroupsHelper.collectMethodsByGroup() took 9 ms.
2025-05-09 11:39:30 INFO  Utils:112 - [Utils] MethodGroupsHelper.sortMethods() took 12 ms.
2025-05-09 11:39:31 INFO  Utils:112 - [Utils] MethodGroupsHelper.collectMethodsByGroup() took 0 ms.
2025-05-09 11:39:31 INFO  Utils:112 - [Utils] MethodGroupsHelper.sortMethods() took 0 ms.
2025-05-09 11:39:31 INFO  Utils:112 - [Utils] MethodGroupsHelper.collectMethodsByGroup() took 0 ms.
2025-05-09 11:39:31 INFO  Utils:112 - [Utils] MethodGroupsHelper.sortMethods() took 0 ms.
2025-05-09 11:39:31 INFO  Utils:112 - [Utils] MethodGroupsHelper.collectMethodsByGroup() took 0 ms.
2025-05-09 11:39:31 INFO  Utils:112 - [Utils] MethodGroupsHelper.sortMethods() took 0 ms.
2025-05-09 11:39:31 INFO  Utils:112 - [Utils] MethodGroupsHelper.collectMethodsByGroup() took 0 ms.
2025-05-09 11:39:31 INFO  Utils:112 - [Utils] MethodGroupsHelper.sortMethods() took 0 ms.
2025-05-09 11:39:31 INFO  Utils:112 - [Utils] MethodGroupsHelper.collectMethodsByGroup() took 0 ms.
2025-05-09 11:39:31 INFO  Utils:112 - [Utils] MethodGroupsHelper.sortMethods() took 0 ms.
2025-05-09 11:39:31 INFO  Utils:112 - [Utils] MethodGroupsHelper.collectMethodsByGroup() took 0 ms.
2025-05-09 11:39:31 INFO  Utils:112 - [Utils] MethodGroupsHelper.sortMethods() took 0 ms.
2025-05-09 11:39:31 INFO  Utils:112 - [Utils] MethodGroupsHelper.collectMethodsByGroup() took 0 ms.
2025-05-09 11:39:31 INFO  Utils:112 - [Utils] MethodGroupsHelper.sortMethods() took 0 ms.
2025-05-09 11:39:31 INFO  Utils:112 - [Utils] MethodGroupsHelper.collectMethodsByGroup() took 0 ms.
2025-05-09 11:39:31 INFO  Utils:112 - [Utils] MethodGroupsHelper.sortMethods() took 0 ms.
2025-05-09 11:39:31 INFO  Utils:112 - [Utils] MethodGroupsHelper.collectMethodsByGroup() took 0 ms.
2025-05-09 11:39:31 INFO  Utils:112 - [Utils] MethodGroupsHelper.sortMethods() took 0 ms.
2025-05-09 11:39:31 INFO  Utils:112 - [Utils] MethodGroupsHelper.collectMethodsByGroup() took 0 ms.
2025-05-09 11:39:31 INFO  Utils:112 - [Utils] MethodGroupsHelper.sortMethods() took 0 ms.
2025-05-09 11:39:31 INFO  Utils:112 - [Utils] MethodGroupsHelper.collectMethodsByGroup() took 0 ms.
2025-05-09 11:39:31 INFO  Utils:112 - [Utils] MethodGroupsHelper.sortMethods() took 0 ms.
2025-05-09 11:39:31 INFO  Utils:112 - [Utils] MethodGroupsHelper.collectMethodsByGroup() took 0 ms.
2025-05-09 11:39:31 INFO  Utils:112 - [Utils] MethodGroupsHelper.sortMethods() took 0 ms.
2025-05-09 11:39:31 INFO  Utils:112 - [Utils] MethodGroupsHelper.collectMethodsByGroup() took 0 ms.
2025-05-09 11:39:31 INFO  Utils:112 - [Utils] MethodGroupsHelper.sortMethods() took 0 ms.
2025-05-09 11:39:31 INFO  Utils:112 - [Utils] MethodGroupsHelper.collectMethodsByGroup() took 0 ms.
2025-05-09 11:39:31 INFO  Utils:112 - [Utils] MethodGroupsHelper.sortMethods() took 0 ms.
2025-05-09 11:39:31 INFO  Utils:112 - [Utils] MethodGroupsHelper.collectMethodsByGroup() took 0 ms.
2025-05-09 11:39:31 INFO  Utils:112 - [Utils] MethodGroupsHelper.sortMethods() took 0 ms.
2025-05-09 11:39:31 INFO  Utils:112 - [Utils] MethodGroupsHelper.collectMethodsByGroup() took 0 ms.
2025-05-09 11:39:31 INFO  Utils:112 - [Utils] MethodGroupsHelper.sortMethods() took 0 ms.
2025-05-09 11:39:31 INFO  Utils:112 - [Utils] MethodGroupsHelper.collectMethodsByGroup() took 0 ms.
2025-05-09 11:39:31 INFO  Utils:112 - [Utils] MethodGroupsHelper.sortMethods() took 0 ms.
2025-05-09 11:39:31 INFO  Utils:112 - [Utils] MethodGroupsHelper.collectMethodsByGroup() took 0 ms.
2025-05-09 11:39:31 INFO  Utils:112 - [Utils] MethodGroupsHelper.sortMethods() took 5 ms.
2025-05-09 11:39:31 INFO  Utils:112 - [Utils] MethodGroupsHelper.collectMethodsByGroup() took 0 ms.
2025-05-09 11:39:31 INFO  Utils:112 - [Utils] MethodGroupsHelper.sortMethods() took 0 ms.
2025-05-09 11:39:31 INFO  Utils:112 - [Utils] MethodGroupsHelper.collectMethodsByGroup() took 0 ms.
2025-05-09 11:39:31 INFO  Utils:112 - [Utils] MethodGroupsHelper.sortMethods() took 0 ms.
2025-05-09 11:39:31 INFO  Utils:112 - [TestNG] Running:
  D:\OpenCart\grouping.xml

2025-05-09 11:39:31 INFO  Utils:112 - [Utils] DynamicGraphHelper.createDynamicGraph() took 6 ms.
2025-05-09 11:39:35 INFO  AccountRegistrationTest:14 - ***** Starting AccountRegistrationTest *****
2025-05-09 11:39:35 INFO  AccountRegistrationTest:19 - Clicked on MyAccount Link...
2025-05-09 11:39:36 INFO  AccountRegistrationTest:21 - Clicked on Register Link...
2025-05-09 11:39:36 INFO  AccountRegistrationTest:23 - Providing customer details...
2025-05-09 11:39:38 INFO  AccountRegistrationTest:38 - Validating expected message...
2025-05-09 11:39:38 INFO  AccountRegistrationTest:47 - ***** Finished AccountRegistrationTest *****
2025-05-09 11:39:42 INFO  LoginTest:15 - ***** Starting TC_002_LoginTest *****
2025-05-09 11:39:54 INFO  Utils:112 - [TestNG] Time taken by org.testng.internal.ExitCodeListener@67514bdd: 0 ms
2025-05-09 11:47:46 INFO  Utils:112 - [Utils] MethodGroupsHelper.collectMethodsByGroup() took 0 ms.
2025-05-09 11:47:46 INFO  Utils:112 - [Utils] MethodGroupsHelper.sortMethods() took 1 ms.
2025-05-09 11:47:46 INFO  Utils:112 - [Utils] MethodGroupsHelper.collectMethodsByGroup() took 0 ms.
2025-05-09 11:47:46 INFO  Utils:112 - [Utils] MethodGroupsHelper.sortMethods() took 0 ms.
2025-05-09 11:47:46 INFO  Utils:112 - [Utils] MethodGroupsHelper.collectMethodsByGroup() took 0 ms.
2025-05-09 11:47:46 INFO  Utils:112 - [Utils] MethodGroupsHelper.sortMethods() took 0 ms.
2025-05-09 11:47:46 INFO  Utils:112 - [Utils] MethodGroupsHelper.collectMethodsByGroup() took 0 ms.
2025-05-09 11:47:46 INFO  Utils:112 - [Utils] MethodGroupsHelper.sortMethods() took 0 ms.
2025-05-09 11:47:46 INFO  Utils:112 - [Utils] MethodGroupsHelper.collectMethodsByGroup() took 9 ms.
2025-05-09 11:47:46 INFO  Utils:112 - [Utils] MethodGroupsHelper.sortMethods() took 12 ms.
2025-05-09 11:47:46 INFO  Utils:112 - [Utils] MethodGroupsHelper.collectMethodsByGroup() took 0 ms.
2025-05-09 11:47:46 INFO  Utils:112 - [Utils] MethodGroupsHelper.sortMethods() took 0 ms.
2025-05-09 11:47:46 INFO  Utils:112 - [Utils] MethodGroupsHelper.collectMethodsByGroup() took 0 ms.
2025-05-09 11:47:46 INFO  Utils:112 - [Utils] MethodGroupsHelper.sortMethods() took 0 ms.
2025-05-09 11:47:46 INFO  Utils:112 - [Utils] MethodGroupsHelper.collectMethodsByGroup() took 0 ms.
2025-05-09 11:47:46 INFO  Utils:112 - [Utils] MethodGroupsHelper.sortMethods() took 0 ms.
2025-05-09 11:47:46 INFO  Utils:112 - [Utils] MethodGroupsHelper.collectMethodsByGroup() took 0 ms.
2025-05-09 11:47:46 INFO  Utils:112 - [Utils] MethodGroupsHelper.sortMethods() took 0 ms.
2025-05-09 11:47:46 INFO  Utils:112 - [Utils] MethodGroupsHelper.collectMethodsByGroup() took 0 ms.
2025-05-09 11:47:46 INFO  Utils:112 - [Utils] MethodGroupsHelper.sortMethods() took 0 ms.
2025-05-09 11:47:46 INFO  Utils:112 - [Utils] MethodGroupsHelper.collectMethodsByGroup() took 0 ms.
2025-05-09 11:47:46 INFO  Utils:112 - [Utils] MethodGroupsHelper.sortMethods() took 0 ms.
2025-05-09 11:47:46 INFO  Utils:112 - [Utils] MethodGroupsHelper.collectMethodsByGroup() took 0 ms.
2025-05-09 11:47:46 INFO  Utils:112 - [Utils] MethodGroupsHelper.sortMethods() took 0 ms.
2025-05-09 11:47:46 INFO  Utils:112 - [Utils] MethodGroupsHelper.collectMethodsByGroup() took 0 ms.
2025-05-09 11:47:46 INFO  Utils:112 - [Utils] MethodGroupsHelper.sortMethods() took 0 ms.
2025-05-09 11:47:46 INFO  Utils:112 - [Utils] MethodGroupsHelper.collectMethodsByGroup() took 0 ms.
2025-05-09 11:47:46 INFO  Utils:112 - [Utils] MethodGroupsHelper.sortMethods() took 0 ms.
2025-05-09 11:47:46 INFO  Utils:112 - [Utils] MethodGroupsHelper.collectMethodsByGroup() took 0 ms.
2025-05-09 11:47:46 INFO  Utils:112 - [Utils] MethodGroupsHelper.sortMethods() took 0 ms.
2025-05-09 11:47:46 INFO  Utils:112 - [Utils] MethodGroupsHelper.collectMethodsByGroup() took 0 ms.
2025-05-09 11:47:46 INFO  Utils:112 - [Utils] MethodGroupsHelper.sortMethods() took 0 ms.
2025-05-09 11:47:46 INFO  Utils:112 - [Utils] MethodGroupsHelper.collectMethodsByGroup() took 0 ms.
2025-05-09 11:47:46 INFO  Utils:112 - [Utils] MethodGroupsHelper.sortMethods() took 0 ms.
2025-05-09 11:47:46 INFO  Utils:112 - [Utils] MethodGroupsHelper.collectMethodsByGroup() took 0 ms.
2025-05-09 11:47:46 INFO  Utils:112 - [Utils] MethodGroupsHelper.sortMethods() took 0 ms.
2025-05-09 11:47:46 INFO  Utils:112 - [Utils] MethodGroupsHelper.collectMethodsByGroup() took 0 ms.
2025-05-09 11:47:46 INFO  Utils:112 - [Utils] MethodGroupsHelper.sortMethods() took 0 ms.
2025-05-09 11:47:46 INFO  Utils:112 - [Utils] MethodGroupsHelper.collectMethodsByGroup() took 0 ms.
2025-05-09 11:47:46 INFO  Utils:112 - [Utils] MethodGroupsHelper.sortMethods() took 0 ms.
2025-05-09 11:47:46 INFO  Utils:112 - [Utils] MethodGroupsHelper.collectMethodsByGroup() took 0 ms.
2025-05-09 11:47:46 INFO  Utils:112 - [Utils] MethodGroupsHelper.sortMethods() took 0 ms.
2025-05-09 11:47:46 INFO  Utils:112 - [Utils] MethodGroupsHelper.collectMethodsByGroup() took 0 ms.
2025-05-09 11:47:46 INFO  Utils:112 - [Utils] MethodGroupsHelper.sortMethods() took 0 ms.
2025-05-09 11:47:46 INFO  Utils:112 - [Utils] MethodGroupsHelper.collectMethodsByGroup() took 0 ms.
2025-05-09 11:47:46 INFO  Utils:112 - [Utils] MethodGroupsHelper.sortMethods() took 4 ms.
2025-05-09 11:47:46 INFO  Utils:112 - [Utils] MethodGroupsHelper.collectMethodsByGroup() took 0 ms.
2025-05-09 11:47:46 INFO  Utils:112 - [Utils] MethodGroupsHelper.sortMethods() took 0 ms.
2025-05-09 11:47:46 INFO  Utils:112 - [Utils] MethodGroupsHelper.collectMethodsByGroup() took 0 ms.
2025-05-09 11:47:46 INFO  Utils:112 - [Utils] MethodGroupsHelper.sortMethods() took 0 ms.
2025-05-09 11:47:46 INFO  Utils:112 - [TestNG] Running:
  D:\OpenCart\grouping.xml

2025-05-09 11:47:47 INFO  Utils:112 - [Utils] DynamicGraphHelper.createDynamicGraph() took 7 ms.
2025-05-09 11:47:51 INFO  AccountRegistrationTest:14 - ***** Starting AccountRegistrationTest *****
2025-05-09 11:47:51 INFO  AccountRegistrationTest:19 - Clicked on MyAccount Link...
2025-05-09 11:47:52 INFO  AccountRegistrationTest:21 - Clicked on Register Link...
2025-05-09 11:47:52 INFO  AccountRegistrationTest:23 - Providing customer details...
2025-05-09 11:47:54 INFO  AccountRegistrationTest:38 - Validating expected message...
2025-05-09 11:47:54 INFO  AccountRegistrationTest:47 - ***** Finished AccountRegistrationTest *****
2025-05-09 11:47:58 INFO  LoginTest:15 - ***** Starting TC_002_LoginTest *****
2025-05-09 11:48:11 INFO  Utils:112 - [TestNG] Time taken by org.testng.internal.ExitCodeListener@68868328: 0 ms
2025-05-09 11:56:48 INFO  Utils:112 - [Utils] MethodGroupsHelper.collectMethodsByGroup() took 0 ms.
2025-05-09 11:56:48 INFO  Utils:112 - [Utils] MethodGroupsHelper.sortMethods() took 1 ms.
2025-05-09 11:56:48 INFO  Utils:112 - [Utils] MethodGroupsHelper.collectMethodsByGroup() took 0 ms.
2025-05-09 11:56:48 INFO  Utils:112 - [Utils] MethodGroupsHelper.sortMethods() took 0 ms.
2025-05-09 11:56:48 INFO  Utils:112 - [Utils] MethodGroupsHelper.collectMethodsByGroup() took 0 ms.
2025-05-09 11:56:48 INFO  Utils:112 - [Utils] MethodGroupsHelper.sortMethods() took 0 ms.
2025-05-09 11:56:48 INFO  Utils:112 - [Utils] MethodGroupsHelper.collectMethodsByGroup() took 0 ms.
2025-05-09 11:56:48 INFO  Utils:112 - [Utils] MethodGroupsHelper.sortMethods() took 0 ms.
2025-05-09 11:56:48 INFO  Utils:112 - [Utils] MethodGroupsHelper.collectMethodsByGroup() took 7 ms.
2025-05-09 11:56:48 INFO  Utils:112 - [Utils] MethodGroupsHelper.sortMethods() took 12 ms.
2025-05-09 11:56:48 INFO  Utils:112 - [Utils] MethodGroupsHelper.collectMethodsByGroup() took 0 ms.
2025-05-09 11:56:48 INFO  Utils:112 - [Utils] MethodGroupsHelper.sortMethods() took 1 ms.
2025-05-09 11:56:48 INFO  Utils:112 - [Utils] MethodGroupsHelper.collectMethodsByGroup() took 0 ms.
2025-05-09 11:56:48 INFO  Utils:112 - [Utils] MethodGroupsHelper.sortMethods() took 0 ms.
2025-05-09 11:56:48 INFO  Utils:112 - [Utils] MethodGroupsHelper.collectMethodsByGroup() took 0 ms.
2025-05-09 11:56:48 INFO  Utils:112 - [Utils] MethodGroupsHelper.sortMethods() took 0 ms.
2025-05-09 11:56:48 INFO  Utils:112 - [Utils] MethodGroupsHelper.collectMethodsByGroup() took 0 ms.
2025-05-09 11:56:48 INFO  Utils:112 - [Utils] MethodGroupsHelper.sortMethods() took 0 ms.
2025-05-09 11:56:48 INFO  Utils:112 - [Utils] MethodGroupsHelper.collectMethodsByGroup() took 0 ms.
2025-05-09 11:56:48 INFO  Utils:112 - [Utils] MethodGroupsHelper.sortMethods() took 0 ms.
2025-05-09 11:56:48 INFO  Utils:112 - [Utils] MethodGroupsHelper.collectMethodsByGroup() took 0 ms.
2025-05-09 11:56:48 INFO  Utils:112 - [Utils] MethodGroupsHelper.sortMethods() took 0 ms.
2025-05-09 11:56:48 INFO  Utils:112 - [Utils] MethodGroupsHelper.collectMethodsByGroup() took 0 ms.
2025-05-09 11:56:48 INFO  Utils:112 - [Utils] MethodGroupsHelper.sortMethods() took 0 ms.
2025-05-09 11:56:48 INFO  Utils:112 - [Utils] MethodGroupsHelper.collectMethodsByGroup() took 0 ms.
2025-05-09 11:56:48 INFO  Utils:112 - [Utils] MethodGroupsHelper.sortMethods() took 0 ms.
2025-05-09 11:56:48 INFO  Utils:112 - [Utils] MethodGroupsHelper.collectMethodsByGroup() took 0 ms.
2025-05-09 11:56:48 INFO  Utils:112 - [Utils] MethodGroupsHelper.sortMethods() took 0 ms.
2025-05-09 11:56:48 INFO  Utils:112 - [Utils] MethodGroupsHelper.collectMethodsByGroup() took 0 ms.
2025-05-09 11:56:48 INFO  Utils:112 - [Utils] MethodGroupsHelper.sortMethods() took 0 ms.
2025-05-09 11:56:48 INFO  Utils:112 - [Utils] MethodGroupsHelper.collectMethodsByGroup() took 0 ms.
2025-05-09 11:56:48 INFO  Utils:112 - [Utils] MethodGroupsHelper.sortMethods() took 0 ms.
2025-05-09 11:56:48 INFO  Utils:112 - [Utils] MethodGroupsHelper.collectMethodsByGroup() took 0 ms.
2025-05-09 11:56:48 INFO  Utils:112 - [Utils] MethodGroupsHelper.sortMethods() took 0 ms.
2025-05-09 11:56:48 INFO  Utils:112 - [Utils] MethodGroupsHelper.collectMethodsByGroup() took 0 ms.
2025-05-09 11:56:48 INFO  Utils:112 - [Utils] MethodGroupsHelper.sortMethods() took 0 ms.
2025-05-09 11:56:48 INFO  Utils:112 - [Utils] MethodGroupsHelper.collectMethodsByGroup() took 0 ms.
2025-05-09 11:56:48 INFO  Utils:112 - [Utils] MethodGroupsHelper.sortMethods() took 0 ms.
2025-05-09 11:56:48 INFO  Utils:112 - [Utils] MethodGroupsHelper.collectMethodsByGroup() took 0 ms.
2025-05-09 11:56:48 INFO  Utils:112 - [Utils] MethodGroupsHelper.sortMethods() took 0 ms.
2025-05-09 11:56:48 INFO  Utils:112 - [Utils] MethodGroupsHelper.collectMethodsByGroup() took 0 ms.
2025-05-09 11:56:48 INFO  Utils:112 - [Utils] MethodGroupsHelper.sortMethods() took 0 ms.
2025-05-09 11:56:48 INFO  Utils:112 - [Utils] MethodGroupsHelper.collectMethodsByGroup() took 0 ms.
2025-05-09 11:56:48 INFO  Utils:112 - [Utils] MethodGroupsHelper.sortMethods() took 0 ms.
2025-05-09 11:56:48 INFO  Utils:112 - [Utils] MethodGroupsHelper.collectMethodsByGroup() took 0 ms.
2025-05-09 11:56:48 INFO  Utils:112 - [Utils] MethodGroupsHelper.sortMethods() took 5 ms.
2025-05-09 11:56:48 INFO  Utils:112 - [Utils] MethodGroupsHelper.collectMethodsByGroup() took 0 ms.
2025-05-09 11:56:48 INFO  Utils:112 - [Utils] MethodGroupsHelper.sortMethods() took 0 ms.
2025-05-09 11:56:48 INFO  Utils:112 - [Utils] MethodGroupsHelper.collectMethodsByGroup() took 0 ms.
2025-05-09 11:56:48 INFO  Utils:112 - [Utils] MethodGroupsHelper.sortMethods() took 0 ms.
2025-05-09 11:56:48 INFO  Utils:112 - [TestNG] Running:
  D:\OpenCart\grouping.xml

2025-05-09 11:56:48 INFO  Utils:112 - [Utils] DynamicGraphHelper.createDynamicGraph() took 7 ms.
2025-05-09 11:56:52 INFO  AccountRegistrationTest:14 - ***** Starting AccountRegistrationTest *****
2025-05-09 11:56:52 INFO  AccountRegistrationTest:19 - Clicked on MyAccount Link...
2025-05-09 11:56:53 INFO  AccountRegistrationTest:21 - Clicked on Register Link...
2025-05-09 11:56:53 INFO  AccountRegistrationTest:23 - Providing customer details...
2025-05-09 11:56:55 INFO  AccountRegistrationTest:38 - Validating expected message...
2025-05-09 11:56:55 INFO  AccountRegistrationTest:47 - ***** Finished AccountRegistrationTest *****
2025-05-09 11:56:59 INFO  LoginTest:15 - ***** Starting TC_002_LoginTest *****
2025-05-09 11:57:12 INFO  Utils:112 - [TestNG] Time taken by org.testng.reporters.jq.Main@435cc7f9: 195 ms
2025-05-09 11:57:12 INFO  Utils:112 - [TestNG] Time taken by org.testng.reporters.FailedReporter@4601203a: 19 ms
2025-05-09 11:57:12 INFO  Utils:112 - [TestNG] Time taken by org.testng.reporters.XMLReporter@7132a9dc: 14 ms
2025-05-09 11:57:12 INFO  Utils:112 - [TestNG] Time taken by org.testng.reporters.EmailableReporter2@571a01f9: 10 ms
2025-05-09 11:57:12 INFO  Utils:112 - [TestNG] Time taken by org.testng.reporters.JUnitReportReporter@7b27e8f4: 35 ms
2025-05-09 11:57:12 INFO  Utils:112 - [TestNG] Time taken by org.testng.internal.ExitCodeListener@348ad293: 1 ms
2025-05-09 11:59:03 INFO  Utils:112 - [TestNG] Running:
  D:\OpenCart\test-output\Master Suite\testng-failed.xml

2025-05-09 11:59:08 INFO  LoginTest:15 - ***** Starting TC_002_LoginTest *****
2025-05-09 12:00:03 INFO  Utils:112 - [TestNG] Running:
  D:\OpenCart\test-output\Master Suite\testng-failed.xml

2025-05-09 12:00:12 INFO  LoginTest:15 - ***** Starting TC_002_LoginTest *****
2025-05-09 12:01:55 INFO  Utils:112 - [TestNG] Running:
  D:\OpenCart\test-output\Master Suite\testng-failed.xml

2025-05-09 12:02:04 INFO  LoginTest:15 - ***** Starting TC_002_LoginTest *****
2025-05-09 12:19:44 INFO  Utils:112 - [TestNG] Running:
  D:\OpenCart\test-output\Master Suite\testng-failed.xml

2025-05-09 12:19:49 INFO  LoginTest:15 - ***** Starting TC_002_LoginTest *****
2025-05-09 12:26:10 INFO  Utils:112 - [Utils] MethodGroupsHelper.collectMethodsByGroup() took 0 ms.
2025-05-09 12:26:10 INFO  Utils:112 - [Utils] MethodGroupsHelper.sortMethods() took 2 ms.
2025-05-09 12:26:10 INFO  Utils:112 - [Utils] MethodGroupsHelper.collectMethodsByGroup() took 0 ms.
2025-05-09 12:26:10 INFO  Utils:112 - [Utils] MethodGroupsHelper.sortMethods() took 0 ms.
2025-05-09 12:26:10 INFO  Utils:112 - [Utils] MethodGroupsHelper.collectMethodsByGroup() took 0 ms.
2025-05-09 12:26:10 INFO  Utils:112 - [Utils] MethodGroupsHelper.sortMethods() took 0 ms.
2025-05-09 12:26:10 INFO  Utils:112 - [Utils] MethodGroupsHelper.collectMethodsByGroup() took 0 ms.
2025-05-09 12:26:10 INFO  Utils:112 - [Utils] MethodGroupsHelper.sortMethods() took 0 ms.
2025-05-09 12:26:10 INFO  Utils:112 - [Utils] MethodGroupsHelper.collectMethodsByGroup() took 7 ms.
2025-05-09 12:26:10 INFO  Utils:112 - [Utils] MethodGroupsHelper.sortMethods() took 12 ms.
2025-05-09 12:26:10 INFO  Utils:112 - [Utils] MethodGroupsHelper.collectMethodsByGroup() took 0 ms.
2025-05-09 12:26:10 INFO  Utils:112 - [Utils] MethodGroupsHelper.sortMethods() took 0 ms.
2025-05-09 12:26:10 INFO  Utils:112 - [Utils] MethodGroupsHelper.collectMethodsByGroup() took 0 ms.
2025-05-09 12:26:10 INFO  Utils:112 - [Utils] MethodGroupsHelper.sortMethods() took 0 ms.
2025-05-09 12:26:10 INFO  Utils:112 - [Utils] MethodGroupsHelper.collectMethodsByGroup() took 0 ms.
2025-05-09 12:26:10 INFO  Utils:112 - [Utils] MethodGroupsHelper.sortMethods() took 0 ms.
2025-05-09 12:26:10 INFO  Utils:112 - [Utils] MethodGroupsHelper.collectMethodsByGroup() took 0 ms.
2025-05-09 12:26:10 INFO  Utils:112 - [Utils] MethodGroupsHelper.sortMethods() took 0 ms.
2025-05-09 12:26:10 INFO  Utils:112 - [Utils] MethodGroupsHelper.collectMethodsByGroup() took 0 ms.
2025-05-09 12:26:10 INFO  Utils:112 - [Utils] MethodGroupsHelper.sortMethods() took 0 ms.
2025-05-09 12:26:10 INFO  Utils:112 - [Utils] MethodGroupsHelper.collectMethodsByGroup() took 0 ms.
2025-05-09 12:26:10 INFO  Utils:112 - [Utils] MethodGroupsHelper.sortMethods() took 0 ms.
2025-05-09 12:26:10 INFO  Utils:112 - [Utils] MethodGroupsHelper.collectMethodsByGroup() took 0 ms.
2025-05-09 12:26:10 INFO  Utils:112 - [Utils] MethodGroupsHelper.sortMethods() took 0 ms.
2025-05-09 12:26:10 INFO  Utils:112 - [Utils] MethodGroupsHelper.collectMethodsByGroup() took 0 ms.
2025-05-09 12:26:10 INFO  Utils:112 - [Utils] MethodGroupsHelper.sortMethods() took 0 ms.
2025-05-09 12:26:10 INFO  Utils:112 - [Utils] MethodGroupsHelper.collectMethodsByGroup() took 0 ms.
2025-05-09 12:26:10 INFO  Utils:112 - [Utils] MethodGroupsHelper.sortMethods() took 0 ms.
2025-05-09 12:26:10 INFO  Utils:112 - [Utils] MethodGroupsHelper.collectMethodsByGroup() took 0 ms.
2025-05-09 12:26:10 INFO  Utils:112 - [Utils] MethodGroupsHelper.sortMethods() took 0 ms.
2025-05-09 12:26:10 INFO  Utils:112 - [Utils] MethodGroupsHelper.collectMethodsByGroup() took 0 ms.
2025-05-09 12:26:10 INFO  Utils:112 - [Utils] MethodGroupsHelper.sortMethods() took 0 ms.
2025-05-09 12:26:10 INFO  Utils:112 - [Utils] MethodGroupsHelper.collectMethodsByGroup() took 0 ms.
2025-05-09 12:26:10 INFO  Utils:112 - [Utils] MethodGroupsHelper.sortMethods() took 0 ms.
2025-05-09 12:26:10 INFO  Utils:112 - [Utils] MethodGroupsHelper.collectMethodsByGroup() took 0 ms.
2025-05-09 12:26:10 INFO  Utils:112 - [Utils] MethodGroupsHelper.sortMethods() took 0 ms.
2025-05-09 12:26:10 INFO  Utils:112 - [Utils] MethodGroupsHelper.collectMethodsByGroup() took 0 ms.
2025-05-09 12:26:10 INFO  Utils:112 - [Utils] MethodGroupsHelper.sortMethods() took 0 ms.
2025-05-09 12:26:10 INFO  Utils:112 - [Utils] MethodGroupsHelper.collectMethodsByGroup() took 0 ms.
2025-05-09 12:26:10 INFO  Utils:112 - [Utils] MethodGroupsHelper.sortMethods() took 0 ms.
2025-05-09 12:26:10 INFO  Utils:112 - [Utils] MethodGroupsHelper.collectMethodsByGroup() took 0 ms.
2025-05-09 12:26:10 INFO  Utils:112 - [Utils] MethodGroupsHelper.sortMethods() took 0 ms.
2025-05-09 12:26:10 INFO  Utils:112 - [Utils] MethodGroupsHelper.collectMethodsByGroup() took 0 ms.
2025-05-09 12:26:10 INFO  Utils:112 - [Utils] MethodGroupsHelper.sortMethods() took 0 ms.
2025-05-09 12:26:10 INFO  Utils:112 - [Utils] MethodGroupsHelper.collectMethodsByGroup() took 0 ms.
2025-05-09 12:26:10 INFO  Utils:112 - [Utils] MethodGroupsHelper.sortMethods() took 5 ms.
2025-05-09 12:26:10 INFO  Utils:112 - [Utils] MethodGroupsHelper.collectMethodsByGroup() took 0 ms.
2025-05-09 12:26:10 INFO  Utils:112 - [Utils] MethodGroupsHelper.sortMethods() took 0 ms.
2025-05-09 12:26:10 INFO  Utils:112 - [Utils] MethodGroupsHelper.collectMethodsByGroup() took 0 ms.
2025-05-09 12:26:10 INFO  Utils:112 - [Utils] MethodGroupsHelper.sortMethods() took 0 ms.
2025-05-09 12:26:10 INFO  Utils:112 - [TestNG] Running:
  D:\OpenCart\grouping.xml

2025-05-09 12:26:11 INFO  Utils:112 - [Utils] DynamicGraphHelper.createDynamicGraph() took 5 ms.
2025-05-09 12:26:15 INFO  AccountRegistrationTest:14 - ***** Starting AccountRegistrationTest *****
2025-05-09 12:26:15 INFO  AccountRegistrationTest:19 - Clicked on MyAccount Link...
2025-05-09 12:26:16 INFO  AccountRegistrationTest:21 - Clicked on Register Link...
2025-05-09 12:26:16 INFO  AccountRegistrationTest:23 - Providing customer details...
2025-05-09 12:26:17 INFO  AccountRegistrationTest:38 - Validating expected message...
2025-05-09 12:26:22 INFO  LoginTest:15 - ***** Starting TC_002_LoginTest *****
2025-05-09 12:26:35 INFO  Utils:112 - [TestNG] Time taken by org.testng.reporters.jq.Main@4a2929a4: 231 ms
2025-05-09 12:26:35 INFO  Utils:112 - [TestNG] Time taken by org.testng.reporters.FailedReporter@7132a9dc: 34 ms
2025-05-09 12:26:35 INFO  Utils:112 - [TestNG] Time taken by org.testng.reporters.XMLReporter@5e0ec41f: 18 ms
2025-05-09 12:26:35 INFO  Utils:112 - [TestNG] Time taken by org.testng.reporters.EmailableReporter2@24f870ee: 8 ms
2025-05-09 12:26:35 INFO  Utils:112 - [TestNG] Time taken by org.testng.reporters.JUnitReportReporter@17dd671f: 10 ms
2025-05-09 12:26:35 INFO  Utils:112 - [TestNG] Time taken by org.testng.internal.ExitCodeListener@3bbf6abe: 0 ms
2025-05-09 12:27:40 INFO  Utils:112 - [TestNG] Running:
  D:\OpenCart\test-output\Master Suite\testng-failed.xml

2025-05-09 12:27:44 INFO  LoginTest:15 - ***** Starting TC_002_LoginTest *****
2025-05-09 12:27:59 INFO  AccountRegistrationTest:14 - ***** Starting AccountRegistrationTest *****
2025-05-09 12:27:59 INFO  AccountRegistrationTest:19 - Clicked on MyAccount Link...
2025-05-09 12:28:00 INFO  AccountRegistrationTest:21 - Clicked on Register Link...
2025-05-09 12:28:00 INFO  AccountRegistrationTest:23 - Providing customer details...
2025-05-09 12:28:02 INFO  AccountRegistrationTest:38 - Validating expected message...
2025-05-09 12:28:02 INFO  AccountRegistrationTest:47 - ***** Finished AccountRegistrationTest *****
2025-05-09 14:03:00 INFO  Utils:112 - [TestNG] Running:
  D:\OpenCart\test-output\Master Suite\testng-failed.xml

2025-05-09 14:03:07 INFO  LoginTest:15 - ***** Starting TC_002_LoginTest *****
2025-05-09 14:03:09 INFO  LoginTest:33 - ***** Finished TC_002_LoginTest *****
2025-05-09 14:03:14 INFO  AccountRegistrationTest:14 - ***** Starting AccountRegistrationTest *****
2025-05-09 14:03:14 INFO  AccountRegistrationTest:19 - Clicked on MyAccount Link...
2025-05-09 14:03:15 INFO  AccountRegistrationTest:21 - Clicked on Register Link...
2025-05-09 14:03:15 INFO  AccountRegistrationTest:23 - Providing customer details...
2025-05-09 14:03:17 INFO  AccountRegistrationTest:38 - Validating expected message...
2025-05-09 14:03:17 INFO  AccountRegistrationTest:47 - ***** Finished AccountRegistrationTest *****
