2025-05-08 10:37:50 INFO  Utils:112 - [Utils] MethodGroupsHelper.collectMethodsByGroup() took 1 ms.
2025-05-08 10:37:50 INFO  Utils:112 - [Utils] MethodGroupsHelper.sortMethods() took 1 ms.
2025-05-08 10:37:50 INFO  Utils:112 - [Utils] MethodGroupsHelper.collectMethodsByGroup() took 0 ms.
2025-05-08 10:37:50 INFO  Utils:112 - [Utils] MethodGroupsHelper.sortMethods() took 0 ms.
2025-05-08 10:37:50 INFO  Utils:112 - [Utils] MethodGroupsHelper.collectMethodsByGroup() took 0 ms.
2025-05-08 10:37:50 INFO  Utils:112 - [Utils] MethodGroupsHelper.sortMethods() took 0 ms.
2025-05-08 10:37:50 INFO  Utils:112 - [Utils] MethodGroupsHelper.collectMethodsByGroup() took 0 ms.
2025-05-08 10:37:50 INFO  Utils:112 - [Utils] MethodGroupsHelper.sortMethods() took 0 ms.
2025-05-08 10:37:50 INFO  Utils:112 - [Utils] MethodGroupsHelper.collectMethodsByGroup() took 8 ms.
2025-05-08 10:37:50 INFO  Utils:112 - [Utils] MethodGroupsHelper.sortMethods() took 16 ms.
2025-05-08 10:37:50 INFO  Utils:112 - [Utils] MethodGroupsHelper.collectMethodsByGroup() took 0 ms.
2025-05-08 10:37:50 INFO  Utils:112 - [Utils] MethodGroupsHelper.sortMethods() took 0 ms.
2025-05-08 10:37:50 INFO  Utils:112 - [Utils] MethodGroupsHelper.collectMethodsByGroup() took 0 ms.
2025-05-08 10:37:50 INFO  Utils:112 - [Utils] MethodGroupsHelper.sortMethods() took 0 ms.
2025-05-08 10:37:50 INFO  Utils:112 - [Utils] MethodGroupsHelper.collectMethodsByGroup() took 0 ms.
2025-05-08 10:37:50 INFO  Utils:112 - [Utils] MethodGroupsHelper.sortMethods() took 0 ms.
2025-05-08 10:37:50 INFO  Utils:112 - [Utils] MethodGroupsHelper.collectMethodsByGroup() took 0 ms.
2025-05-08 10:37:50 INFO  Utils:112 - [Utils] MethodGroupsHelper.sortMethods() took 0 ms.
2025-05-08 10:37:50 INFO  Utils:112 - [Utils] MethodGroupsHelper.collectMethodsByGroup() took 0 ms.
2025-05-08 10:37:50 INFO  Utils:112 - [Utils] MethodGroupsHelper.sortMethods() took 0 ms.
2025-05-08 10:37:50 INFO  Utils:112 - [Utils] MethodGroupsHelper.collectMethodsByGroup() took 0 ms.
2025-05-08 10:37:50 INFO  Utils:112 - [Utils] MethodGroupsHelper.sortMethods() took 0 ms.
2025-05-08 10:37:50 INFO  Utils:112 - [Utils] MethodGroupsHelper.collectMethodsByGroup() took 0 ms.
2025-05-08 10:37:50 INFO  Utils:112 - [Utils] MethodGroupsHelper.sortMethods() took 0 ms.
2025-05-08 10:37:50 INFO  Utils:112 - [Utils] MethodGroupsHelper.collectMethodsByGroup() took 0 ms.
2025-05-08 10:37:50 INFO  Utils:112 - [Utils] MethodGroupsHelper.sortMethods() took 0 ms.
2025-05-08 10:37:50 INFO  Utils:112 - [Utils] MethodGroupsHelper.collectMethodsByGroup() took 0 ms.
2025-05-08 10:37:50 INFO  Utils:112 - [Utils] MethodGroupsHelper.sortMethods() took 0 ms.
2025-05-08 10:37:50 INFO  Utils:112 - [Utils] MethodGroupsHelper.collectMethodsByGroup() took 0 ms.
2025-05-08 10:37:50 INFO  Utils:112 - [Utils] MethodGroupsHelper.sortMethods() took 0 ms.
2025-05-08 10:37:50 INFO  Utils:112 - [TestNG] Running:
  D:\OpenCart\src\test\java\testCases\master.xml

2025-05-08 10:37:50 INFO  Utils:112 - [Utils] DynamicGraphHelper.createDynamicGraph() took 4 ms.
2025-05-08 10:37:57 INFO  AccountRegistrationTest:14 - ***** Starting AccountRegistrationTest *****
2025-05-08 10:37:57 INFO  AccountRegistrationTest:19 - Clicked on MyAccount Link...
2025-05-08 10:37:58 INFO  AccountRegistrationTest:21 - Clicked on Register Link...
2025-05-08 10:37:58 INFO  AccountRegistrationTest:23 - Providing customer details...
2025-05-08 10:38:00 INFO  AccountRegistrationTest:38 - Validating expected message...
2025-05-08 10:38:00 INFO  AccountRegistrationTest:47 - ***** Finished AccountRegistrationTest *****
2025-05-08 10:38:01 INFO  Utils:112 - [TestNG] Time taken by org.testng.internal.ExitCodeListener@6b04acb2: 0 ms
2025-05-08 10:44:11 INFO  Utils:112 - [TestNG] Running:
  D:\OpenCart\src\test\java\testCases\crossbrowsertesting.xml

2025-05-08 10:44:17 INFO  AccountRegistrationTest:14 - ***** Starting AccountRegistrationTest *****
2025-05-08 10:44:17 INFO  AccountRegistrationTest:19 - Clicked on MyAccount Link...
2025-05-08 10:44:18 INFO  AccountRegistrationTest:21 - Clicked on Register Link...
2025-05-08 10:44:18 INFO  AccountRegistrationTest:23 - Providing customer details...
2025-05-08 10:44:20 INFO  AccountRegistrationTest:38 - Validating expected message...
2025-05-08 10:44:20 INFO  AccountRegistrationTest:47 - ***** Finished AccountRegistrationTest *****
2025-05-08 10:44:26 INFO  AccountRegistrationTest:14 - ***** Starting AccountRegistrationTest *****
2025-05-08 10:44:26 INFO  AccountRegistrationTest:19 - Clicked on MyAccount Link...
2025-05-08 10:44:27 INFO  AccountRegistrationTest:21 - Clicked on Register Link...
2025-05-08 10:44:27 INFO  AccountRegistrationTest:23 - Providing customer details...
2025-05-08 10:44:29 INFO  AccountRegistrationTest:38 - Validating expected message...
2025-05-08 10:44:29 INFO  AccountRegistrationTest:47 - ***** Finished AccountRegistrationTest *****
2025-05-08 10:44:39 INFO  AccountRegistrationTest:14 - ***** Starting AccountRegistrationTest *****
2025-05-08 10:44:40 INFO  AccountRegistrationTest:19 - Clicked on MyAccount Link...
2025-05-08 10:44:41 INFO  AccountRegistrationTest:21 - Clicked on Register Link...
2025-05-08 10:44:41 INFO  AccountRegistrationTest:23 - Providing customer details...
2025-05-08 10:44:42 INFO  AccountRegistrationTest:38 - Validating expected message...
2025-05-08 10:44:42 INFO  AccountRegistrationTest:47 - ***** Finished AccountRegistrationTest *****
2025-05-08 10:45:29 INFO  Utils:112 - [TestNG] Running:
  D:\OpenCart\src\test\java\testCases\crossbrowsertesting.xml

2025-05-08 10:45:36 INFO  AccountRegistrationTest:14 - ***** Starting AccountRegistrationTest *****
2025-05-08 10:45:37 INFO  AccountRegistrationTest:14 - ***** Starting AccountRegistrationTest *****
2025-05-08 10:45:37 INFO  AccountRegistrationTest:19 - Clicked on MyAccount Link...
2025-05-08 10:45:37 INFO  AccountRegistrationTest:19 - Clicked on MyAccount Link...
2025-05-08 10:45:39 INFO  AccountRegistrationTest:21 - Clicked on Register Link...
2025-05-08 10:45:39 INFO  AccountRegistrationTest:23 - Providing customer details...
2025-05-08 10:45:39 INFO  AccountRegistrationTest:21 - Clicked on Register Link...
2025-05-08 10:45:39 INFO  AccountRegistrationTest:23 - Providing customer details...
2025-05-08 10:45:42 INFO  AccountRegistrationTest:14 - ***** Starting AccountRegistrationTest *****
2025-05-08 10:45:42 INFO  AccountRegistrationTest:19 - Clicked on MyAccount Link...
2025-05-08 10:45:43 INFO  AccountRegistrationTest:21 - Clicked on Register Link...
2025-05-08 10:45:43 INFO  AccountRegistrationTest:23 - Providing customer details...
2025-05-08 10:45:45 INFO  AccountRegistrationTest:38 - Validating expected message...
2025-05-08 10:45:45 INFO  AccountRegistrationTest:47 - ***** Finished AccountRegistrationTest *****
2025-05-08 10:45:45 INFO  AccountRegistrationTest:38 - Validating expected message...
2025-05-08 10:45:45 INFO  AccountRegistrationTest:47 - ***** Finished AccountRegistrationTest *****
2025-05-08 10:45:45 INFO  AccountRegistrationTest:38 - Validating expected message...
2025-05-08 10:45:46 INFO  AccountRegistrationTest:47 - ***** Finished AccountRegistrationTest *****
2025-05-08 11:03:54 INFO  Utils:112 - [Utils] MethodGroupsHelper.collectMethodsByGroup() took 0 ms.
2025-05-08 11:03:54 INFO  Utils:112 - [Utils] MethodGroupsHelper.sortMethods() took 2 ms.
2025-05-08 11:03:54 INFO  Utils:112 - [Utils] MethodGroupsHelper.collectMethodsByGroup() took 0 ms.
2025-05-08 11:03:54 INFO  Utils:112 - [Utils] MethodGroupsHelper.sortMethods() took 0 ms.
2025-05-08 11:03:54 INFO  Utils:112 - [Utils] MethodGroupsHelper.collectMethodsByGroup() took 0 ms.
2025-05-08 11:03:54 INFO  Utils:112 - [Utils] MethodGroupsHelper.sortMethods() took 0 ms.
2025-05-08 11:03:54 INFO  Utils:112 - [Utils] MethodGroupsHelper.collectMethodsByGroup() took 0 ms.
2025-05-08 11:03:54 INFO  Utils:112 - [Utils] MethodGroupsHelper.sortMethods() took 0 ms.
2025-05-08 11:03:54 INFO  Utils:112 - [Utils] MethodGroupsHelper.collectMethodsByGroup() took 9 ms.
2025-05-08 11:03:54 INFO  Utils:112 - [Utils] MethodGroupsHelper.sortMethods() took 14 ms.
2025-05-08 11:03:54 INFO  Utils:112 - [Utils] MethodGroupsHelper.collectMethodsByGroup() took 0 ms.
2025-05-08 11:03:54 INFO  Utils:112 - [Utils] MethodGroupsHelper.sortMethods() took 0 ms.
2025-05-08 11:03:54 INFO  Utils:112 - [Utils] MethodGroupsHelper.collectMethodsByGroup() took 0 ms.
2025-05-08 11:03:54 INFO  Utils:112 - [Utils] MethodGroupsHelper.sortMethods() took 0 ms.
2025-05-08 11:03:54 INFO  Utils:112 - [Utils] MethodGroupsHelper.collectMethodsByGroup() took 0 ms.
2025-05-08 11:03:54 INFO  Utils:112 - [Utils] MethodGroupsHelper.sortMethods() took 0 ms.
2025-05-08 11:03:54 INFO  Utils:112 - [Utils] MethodGroupsHelper.collectMethodsByGroup() took 0 ms.
2025-05-08 11:03:54 INFO  Utils:112 - [Utils] MethodGroupsHelper.sortMethods() took 0 ms.
2025-05-08 11:03:54 INFO  Utils:112 - [Utils] MethodGroupsHelper.collectMethodsByGroup() took 0 ms.
2025-05-08 11:03:54 INFO  Utils:112 - [Utils] MethodGroupsHelper.sortMethods() took 0 ms.
2025-05-08 11:03:54 INFO  Utils:112 - [Utils] MethodGroupsHelper.collectMethodsByGroup() took 0 ms.
2025-05-08 11:03:54 INFO  Utils:112 - [Utils] MethodGroupsHelper.sortMethods() took 0 ms.
2025-05-08 11:03:54 INFO  Utils:112 - [Utils] MethodGroupsHelper.collectMethodsByGroup() took 0 ms.
2025-05-08 11:03:54 INFO  Utils:112 - [Utils] MethodGroupsHelper.sortMethods() took 0 ms.
2025-05-08 11:03:54 INFO  Utils:112 - [Utils] MethodGroupsHelper.collectMethodsByGroup() took 0 ms.
2025-05-08 11:03:54 INFO  Utils:112 - [Utils] MethodGroupsHelper.sortMethods() took 1 ms.
2025-05-08 11:03:54 INFO  Utils:112 - [Utils] MethodGroupsHelper.collectMethodsByGroup() took 0 ms.
2025-05-08 11:03:54 INFO  Utils:112 - [Utils] MethodGroupsHelper.sortMethods() took 0 ms.
2025-05-08 11:03:54 INFO  Utils:112 - [Utils] MethodGroupsHelper.collectMethodsByGroup() took 0 ms.
2025-05-08 11:03:54 INFO  Utils:112 - [Utils] MethodGroupsHelper.sortMethods() took 0 ms.
2025-05-08 11:03:54 INFO  Utils:112 - [TestNG] Running:
  D:\OpenCart\master.xml

2025-05-08 11:03:54 INFO  Utils:112 - [Utils] DynamicGraphHelper.createDynamicGraph() took 6 ms.
2025-05-08 11:03:59 INFO  AccountRegistrationTest:14 - ***** Starting AccountRegistrationTest *****
2025-05-08 11:03:59 INFO  AccountRegistrationTest:19 - Clicked on MyAccount Link...
2025-05-08 11:04:00 INFO  AccountRegistrationTest:21 - Clicked on Register Link...
2025-05-08 11:04:00 INFO  AccountRegistrationTest:23 - Providing customer details...
2025-05-08 11:04:02 INFO  AccountRegistrationTest:38 - Validating expected message...
2025-05-08 11:04:02 INFO  AccountRegistrationTest:47 - ***** Finished AccountRegistrationTest *****
2025-05-08 11:04:02 INFO  Utils:112 - [TestNG] Time taken by org.testng.internal.ExitCodeListener@2e6ba49a: 0 ms
2025-05-08 12:00:38 INFO  Utils:112 - [Utils] MethodGroupsHelper.collectMethodsByGroup() took 0 ms.
2025-05-08 12:00:38 INFO  Utils:112 - [Utils] MethodGroupsHelper.sortMethods() took 0 ms.
2025-05-08 12:00:38 INFO  Utils:112 - [Utils] MethodGroupsHelper.collectMethodsByGroup() took 0 ms.
2025-05-08 12:00:38 INFO  Utils:112 - [Utils] MethodGroupsHelper.sortMethods() took 0 ms.
2025-05-08 12:00:38 INFO  Utils:112 - [Utils] MethodGroupsHelper.collectMethodsByGroup() took 0 ms.
2025-05-08 12:00:38 INFO  Utils:112 - [Utils] MethodGroupsHelper.sortMethods() took 0 ms.
2025-05-08 12:00:38 INFO  Utils:112 - [Utils] MethodGroupsHelper.collectMethodsByGroup() took 0 ms.
2025-05-08 12:00:38 INFO  Utils:112 - [Utils] MethodGroupsHelper.sortMethods() took 0 ms.
2025-05-08 12:00:38 INFO  Utils:112 - [Utils] MethodGroupsHelper.collectMethodsByGroup() took 5 ms.
2025-05-08 12:00:38 INFO  Utils:112 - [Utils] MethodGroupsHelper.sortMethods() took 14 ms.
2025-05-08 12:00:38 INFO  Utils:112 - [Utils] MethodGroupsHelper.collectMethodsByGroup() took 0 ms.
2025-05-08 12:00:38 INFO  Utils:112 - [Utils] MethodGroupsHelper.sortMethods() took 0 ms.
2025-05-08 12:00:38 INFO  Utils:112 - [Utils] MethodGroupsHelper.collectMethodsByGroup() took 0 ms.
2025-05-08 12:00:38 INFO  Utils:112 - [Utils] MethodGroupsHelper.sortMethods() took 0 ms.
2025-05-08 12:00:38 INFO  Utils:112 - [Utils] MethodGroupsHelper.collectMethodsByGroup() took 0 ms.
2025-05-08 12:00:38 INFO  Utils:112 - [Utils] MethodGroupsHelper.sortMethods() took 0 ms.
2025-05-08 12:00:38 INFO  Utils:112 - [Utils] MethodGroupsHelper.collectMethodsByGroup() took 0 ms.
2025-05-08 12:00:38 INFO  Utils:112 - [Utils] MethodGroupsHelper.sortMethods() took 0 ms.
2025-05-08 12:00:38 INFO  Utils:112 - [Utils] MethodGroupsHelper.collectMethodsByGroup() took 0 ms.
2025-05-08 12:00:38 INFO  Utils:112 - [Utils] MethodGroupsHelper.sortMethods() took 0 ms.
2025-05-08 12:00:38 INFO  Utils:112 - [Utils] MethodGroupsHelper.collectMethodsByGroup() took 0 ms.
2025-05-08 12:00:38 INFO  Utils:112 - [Utils] MethodGroupsHelper.sortMethods() took 0 ms.
2025-05-08 12:00:38 INFO  Utils:112 - [Utils] MethodGroupsHelper.collectMethodsByGroup() took 0 ms.
2025-05-08 12:00:38 INFO  Utils:112 - [Utils] MethodGroupsHelper.sortMethods() took 0 ms.
2025-05-08 12:00:38 INFO  Utils:112 - [Utils] MethodGroupsHelper.collectMethodsByGroup() took 1 ms.
2025-05-08 12:00:38 INFO  Utils:112 - [Utils] MethodGroupsHelper.sortMethods() took 0 ms.
2025-05-08 12:00:38 INFO  Utils:112 - [Utils] MethodGroupsHelper.collectMethodsByGroup() took 0 ms.
2025-05-08 12:00:38 INFO  Utils:112 - [Utils] MethodGroupsHelper.sortMethods() took 0 ms.
2025-05-08 12:00:38 INFO  Utils:112 - [Utils] MethodGroupsHelper.collectMethodsByGroup() took 0 ms.
2025-05-08 12:00:38 INFO  Utils:112 - [Utils] MethodGroupsHelper.sortMethods() took 0 ms.
2025-05-08 12:00:38 INFO  Utils:112 - [TestNG] Running:
  D:\OpenCart\master.xml

2025-05-08 12:00:38 INFO  Utils:112 - [Utils] DynamicGraphHelper.createDynamicGraph() took 8 ms.
2025-05-08 12:00:43 INFO  LoginTest:15 - ***** Starting TC_002_LoginTest *****
2025-05-08 12:00:45 INFO  LoginTest:35 - ***** Finished TC_002_LoginTest *****
2025-05-08 12:00:46 INFO  Utils:112 - [TestNG] Time taken by org.testng.internal.ExitCodeListener@107e5441: 0 ms
2025-05-08 12:05:03 INFO  Utils:112 - [TestNG] Running:
  C:\Users\Ioana\AppData\Local\JetBrains\IdeaIC2023.3\temp-testng-customsuite.xml

2025-05-08 12:05:24 INFO  Utils:112 - [TestNG] Running:
  C:\Users\Ioana\AppData\Local\JetBrains\IdeaIC2023.3\temp-testng-customsuite.xml

2025-05-08 12:08:59 INFO  Utils:112 - [Utils] MethodGroupsHelper.collectMethodsByGroup() took 0 ms.
2025-05-08 12:08:59 INFO  Utils:112 - [Utils] MethodGroupsHelper.sortMethods() took 1 ms.
2025-05-08 12:08:59 INFO  Utils:112 - [Utils] MethodGroupsHelper.collectMethodsByGroup() took 0 ms.
2025-05-08 12:08:59 INFO  Utils:112 - [Utils] MethodGroupsHelper.sortMethods() took 0 ms.
2025-05-08 12:08:59 INFO  Utils:112 - [Utils] MethodGroupsHelper.collectMethodsByGroup() took 0 ms.
2025-05-08 12:08:59 INFO  Utils:112 - [Utils] MethodGroupsHelper.sortMethods() took 0 ms.
2025-05-08 12:08:59 INFO  Utils:112 - [Utils] MethodGroupsHelper.collectMethodsByGroup() took 0 ms.
2025-05-08 12:08:59 INFO  Utils:112 - [Utils] MethodGroupsHelper.sortMethods() took 0 ms.
2025-05-08 12:08:59 INFO  Utils:112 - [Utils] MethodGroupsHelper.collectMethodsByGroup() took 6 ms.
2025-05-08 12:08:59 INFO  Utils:112 - [Utils] MethodGroupsHelper.sortMethods() took 11 ms.
2025-05-08 12:08:59 INFO  Utils:112 - [Utils] MethodGroupsHelper.collectMethodsByGroup() took 0 ms.
2025-05-08 12:08:59 INFO  Utils:112 - [Utils] MethodGroupsHelper.sortMethods() took 0 ms.
2025-05-08 12:08:59 INFO  Utils:112 - [Utils] MethodGroupsHelper.collectMethodsByGroup() took 0 ms.
2025-05-08 12:08:59 INFO  Utils:112 - [Utils] MethodGroupsHelper.sortMethods() took 0 ms.
2025-05-08 12:08:59 INFO  Utils:112 - [Utils] MethodGroupsHelper.collectMethodsByGroup() took 0 ms.
2025-05-08 12:08:59 INFO  Utils:112 - [Utils] MethodGroupsHelper.sortMethods() took 0 ms.
2025-05-08 12:08:59 INFO  Utils:112 - [Utils] MethodGroupsHelper.collectMethodsByGroup() took 0 ms.
2025-05-08 12:08:59 INFO  Utils:112 - [Utils] MethodGroupsHelper.sortMethods() took 0 ms.
2025-05-08 12:08:59 INFO  Utils:112 - [Utils] MethodGroupsHelper.collectMethodsByGroup() took 0 ms.
2025-05-08 12:08:59 INFO  Utils:112 - [Utils] MethodGroupsHelper.sortMethods() took 0 ms.
2025-05-08 12:08:59 INFO  Utils:112 - [Utils] MethodGroupsHelper.collectMethodsByGroup() took 0 ms.
2025-05-08 12:08:59 INFO  Utils:112 - [Utils] MethodGroupsHelper.sortMethods() took 0 ms.
2025-05-08 12:08:59 INFO  Utils:112 - [Utils] MethodGroupsHelper.collectMethodsByGroup() took 0 ms.
2025-05-08 12:08:59 INFO  Utils:112 - [Utils] MethodGroupsHelper.sortMethods() took 0 ms.
2025-05-08 12:08:59 INFO  Utils:112 - [Utils] MethodGroupsHelper.collectMethodsByGroup() took 1 ms.
2025-05-08 12:08:59 INFO  Utils:112 - [Utils] MethodGroupsHelper.sortMethods() took 0 ms.
2025-05-08 12:08:59 INFO  Utils:112 - [Utils] MethodGroupsHelper.collectMethodsByGroup() took 0 ms.
2025-05-08 12:08:59 INFO  Utils:112 - [Utils] MethodGroupsHelper.sortMethods() took 0 ms.
2025-05-08 12:08:59 INFO  Utils:112 - [Utils] MethodGroupsHelper.collectMethodsByGroup() took 0 ms.
2025-05-08 12:08:59 INFO  Utils:112 - [Utils] MethodGroupsHelper.sortMethods() took 0 ms.
2025-05-08 12:08:59 INFO  Utils:112 - [TestNG] Running:
  D:\OpenCart\master.xml

2025-05-08 12:08:59 INFO  Utils:112 - [Utils] DynamicGraphHelper.createDynamicGraph() took 5 ms.
2025-05-08 12:09:08 INFO  LoginTest:15 - ***** Starting TC_002_LoginTest *****
2025-05-08 12:09:09 INFO  LoginTest:35 - ***** Finished TC_002_LoginTest *****
2025-05-08 12:09:10 INFO  Utils:112 - [TestNG] Time taken by org.testng.internal.ExitCodeListener@7f4037ed: 0 ms
2025-05-08 14:51:28 INFO  Utils:112 - [Utils] MethodGroupsHelper.collectMethodsByGroup() took 0 ms.
2025-05-08 14:51:28 INFO  Utils:112 - [Utils] MethodGroupsHelper.sortMethods() took 1 ms.
2025-05-08 14:51:28 INFO  Utils:112 - [Utils] MethodGroupsHelper.collectMethodsByGroup() took 0 ms.
2025-05-08 14:51:28 INFO  Utils:112 - [Utils] MethodGroupsHelper.sortMethods() took 0 ms.
2025-05-08 14:51:28 INFO  Utils:112 - [Utils] MethodGroupsHelper.collectMethodsByGroup() took 0 ms.
2025-05-08 14:51:28 INFO  Utils:112 - [Utils] MethodGroupsHelper.sortMethods() took 0 ms.
2025-05-08 14:51:29 INFO  Utils:112 - [Utils] MethodGroupsHelper.collectMethodsByGroup() took 0 ms.
2025-05-08 14:51:29 INFO  Utils:112 - [Utils] MethodGroupsHelper.sortMethods() took 0 ms.
2025-05-08 14:51:29 INFO  Utils:112 - [Utils] MethodGroupsHelper.collectMethodsByGroup() took 9 ms.
2025-05-08 14:51:29 INFO  Utils:112 - [Utils] MethodGroupsHelper.sortMethods() took 14 ms.
2025-05-08 14:51:29 INFO  Utils:112 - [Utils] MethodGroupsHelper.collectMethodsByGroup() took 0 ms.
2025-05-08 14:51:29 INFO  Utils:112 - [Utils] MethodGroupsHelper.sortMethods() took 0 ms.
2025-05-08 14:51:29 INFO  Utils:112 - [Utils] MethodGroupsHelper.collectMethodsByGroup() took 0 ms.
2025-05-08 14:51:29 INFO  Utils:112 - [Utils] MethodGroupsHelper.sortMethods() took 0 ms.
2025-05-08 14:51:29 INFO  Utils:112 - [Utils] MethodGroupsHelper.collectMethodsByGroup() took 0 ms.
2025-05-08 14:51:29 INFO  Utils:112 - [Utils] MethodGroupsHelper.sortMethods() took 0 ms.
2025-05-08 14:51:29 INFO  Utils:112 - [Utils] MethodGroupsHelper.collectMethodsByGroup() took 0 ms.
2025-05-08 14:51:29 INFO  Utils:112 - [Utils] MethodGroupsHelper.sortMethods() took 0 ms.
2025-05-08 14:51:29 INFO  Utils:112 - [Utils] MethodGroupsHelper.collectMethodsByGroup() took 0 ms.
2025-05-08 14:51:29 INFO  Utils:112 - [Utils] MethodGroupsHelper.sortMethods() took 0 ms.
2025-05-08 14:51:29 INFO  Utils:112 - [Utils] MethodGroupsHelper.collectMethodsByGroup() took 0 ms.
2025-05-08 14:51:29 INFO  Utils:112 - [Utils] MethodGroupsHelper.sortMethods() took 0 ms.
2025-05-08 14:51:29 INFO  Utils:112 - [Utils] MethodGroupsHelper.collectMethodsByGroup() took 0 ms.
2025-05-08 14:51:29 INFO  Utils:112 - [Utils] MethodGroupsHelper.sortMethods() took 0 ms.
2025-05-08 14:51:29 INFO  Utils:112 - [Utils] MethodGroupsHelper.collectMethodsByGroup() took 0 ms.
2025-05-08 14:51:29 INFO  Utils:112 - [Utils] MethodGroupsHelper.sortMethods() took 0 ms.
2025-05-08 14:51:29 INFO  Utils:112 - [Utils] MethodGroupsHelper.collectMethodsByGroup() took 0 ms.
2025-05-08 14:51:29 INFO  Utils:112 - [Utils] MethodGroupsHelper.sortMethods() took 0 ms.
2025-05-08 14:51:29 INFO  Utils:112 - [Utils] MethodGroupsHelper.collectMethodsByGroup() took 0 ms.
2025-05-08 14:51:29 INFO  Utils:112 - [Utils] MethodGroupsHelper.sortMethods() took 0 ms.
2025-05-08 14:51:29 INFO  Utils:112 - [TestNG] Running:
  D:\OpenCart\master.xml

2025-05-08 14:51:29 INFO  Utils:112 - [Utils] DynamicGraphHelper.createDynamicGraph() took 5 ms.
2025-05-08 14:51:36 INFO  LoginDataDrivenTestCase:18 - ***** Starting TC_003_LogInDataDrivenTesting *****
2025-05-08 14:51:39 INFO  LoginDataDrivenTestCase:62 - ***** Finished TC_003_LogInDataDrivenTesting *****
2025-05-08 14:51:39 INFO  LoginDataDrivenTestCase:18 - ***** Starting TC_003_LogInDataDrivenTesting *****
2025-05-08 14:51:49 INFO  LoginDataDrivenTestCase:18 - ***** Starting TC_003_LogInDataDrivenTesting *****
2025-05-08 14:52:00 INFO  LoginDataDrivenTestCase:18 - ***** Starting TC_003_LogInDataDrivenTesting *****
2025-05-08 14:52:11 INFO  LoginDataDrivenTestCase:18 - ***** Starting TC_003_LogInDataDrivenTesting *****
2025-05-08 14:52:14 INFO  LoginDataDrivenTestCase:62 - ***** Finished TC_003_LogInDataDrivenTesting *****
2025-05-08 14:52:14 INFO  Utils:112 - [TestNG] Time taken by org.testng.internal.ExitCodeListener@748d2277: 0 ms
2025-05-08 14:56:32 INFO  Utils:112 - [Utils] MethodGroupsHelper.collectMethodsByGroup() took 0 ms.
2025-05-08 14:56:32 INFO  Utils:112 - [Utils] MethodGroupsHelper.sortMethods() took 1 ms.
2025-05-08 14:56:32 INFO  Utils:112 - [Utils] MethodGroupsHelper.collectMethodsByGroup() took 0 ms.
2025-05-08 14:56:32 INFO  Utils:112 - [Utils] MethodGroupsHelper.sortMethods() took 0 ms.
2025-05-08 14:56:32 INFO  Utils:112 - [Utils] MethodGroupsHelper.collectMethodsByGroup() took 0 ms.
2025-05-08 14:56:32 INFO  Utils:112 - [Utils] MethodGroupsHelper.sortMethods() took 0 ms.
2025-05-08 14:56:32 INFO  Utils:112 - [Utils] MethodGroupsHelper.collectMethodsByGroup() took 0 ms.
2025-05-08 14:56:32 INFO  Utils:112 - [Utils] MethodGroupsHelper.sortMethods() took 0 ms.
2025-05-08 14:56:32 INFO  Utils:112 - [Utils] MethodGroupsHelper.collectMethodsByGroup() took 6 ms.
2025-05-08 14:56:32 INFO  Utils:112 - [Utils] MethodGroupsHelper.sortMethods() took 13 ms.
2025-05-08 14:56:32 INFO  Utils:112 - [Utils] MethodGroupsHelper.collectMethodsByGroup() took 0 ms.
2025-05-08 14:56:32 INFO  Utils:112 - [Utils] MethodGroupsHelper.sortMethods() took 0 ms.
2025-05-08 14:56:32 INFO  Utils:112 - [Utils] MethodGroupsHelper.collectMethodsByGroup() took 0 ms.
2025-05-08 14:56:32 INFO  Utils:112 - [Utils] MethodGroupsHelper.sortMethods() took 0 ms.
2025-05-08 14:56:32 INFO  Utils:112 - [Utils] MethodGroupsHelper.collectMethodsByGroup() took 0 ms.
2025-05-08 14:56:32 INFO  Utils:112 - [Utils] MethodGroupsHelper.sortMethods() took 0 ms.
2025-05-08 14:56:32 INFO  Utils:112 - [Utils] MethodGroupsHelper.collectMethodsByGroup() took 0 ms.
2025-05-08 14:56:32 INFO  Utils:112 - [Utils] MethodGroupsHelper.sortMethods() took 0 ms.
2025-05-08 14:56:32 INFO  Utils:112 - [Utils] MethodGroupsHelper.collectMethodsByGroup() took 0 ms.
2025-05-08 14:56:32 INFO  Utils:112 - [Utils] MethodGroupsHelper.sortMethods() took 0 ms.
2025-05-08 14:56:32 INFO  Utils:112 - [Utils] MethodGroupsHelper.collectMethodsByGroup() took 0 ms.
2025-05-08 14:56:32 INFO  Utils:112 - [Utils] MethodGroupsHelper.sortMethods() took 0 ms.
2025-05-08 14:56:32 INFO  Utils:112 - [Utils] MethodGroupsHelper.collectMethodsByGroup() took 0 ms.
2025-05-08 14:56:32 INFO  Utils:112 - [Utils] MethodGroupsHelper.sortMethods() took 0 ms.
2025-05-08 14:56:32 INFO  Utils:112 - [Utils] MethodGroupsHelper.collectMethodsByGroup() took 0 ms.
2025-05-08 14:56:32 INFO  Utils:112 - [Utils] MethodGroupsHelper.sortMethods() took 0 ms.
2025-05-08 14:56:32 INFO  Utils:112 - [Utils] MethodGroupsHelper.collectMethodsByGroup() took 0 ms.
2025-05-08 14:56:32 INFO  Utils:112 - [Utils] MethodGroupsHelper.sortMethods() took 0 ms.
2025-05-08 14:56:32 INFO  Utils:112 - [Utils] MethodGroupsHelper.collectMethodsByGroup() took 0 ms.
2025-05-08 14:56:32 INFO  Utils:112 - [Utils] MethodGroupsHelper.sortMethods() took 0 ms.
2025-05-08 14:56:32 INFO  Utils:112 - [TestNG] Running:
  D:\OpenCart\master.xml

2025-05-08 14:56:32 INFO  Utils:112 - [Utils] DynamicGraphHelper.createDynamicGraph() took 6 ms.
2025-05-08 14:56:37 INFO  LoginDataDrivenTestCase:18 - ***** Starting TC_003_LogInDataDrivenTesting *****
2025-05-08 14:56:40 INFO  LoginDataDrivenTestCase:62 - ***** Finished TC_003_LogInDataDrivenTesting *****
2025-05-08 14:56:40 INFO  LoginDataDrivenTestCase:18 - ***** Starting TC_003_LogInDataDrivenTesting *****
2025-05-08 14:56:51 INFO  LoginDataDrivenTestCase:62 - ***** Finished TC_003_LogInDataDrivenTesting *****
2025-05-08 14:56:51 INFO  LoginDataDrivenTestCase:18 - ***** Starting TC_003_LogInDataDrivenTesting *****
2025-05-08 14:57:02 INFO  LoginDataDrivenTestCase:18 - ***** Starting TC_003_LogInDataDrivenTesting *****
2025-05-08 14:57:13 INFO  LoginDataDrivenTestCase:18 - ***** Starting TC_003_LogInDataDrivenTesting *****
2025-05-08 14:57:16 INFO  LoginDataDrivenTestCase:62 - ***** Finished TC_003_LogInDataDrivenTesting *****
2025-05-08 14:57:16 INFO  Utils:112 - [TestNG] Time taken by org.testng.internal.ExitCodeListener@20b9d5d5: 0 ms
2025-05-08 15:02:21 INFO  Utils:112 - [Utils] MethodGroupsHelper.collectMethodsByGroup() took 0 ms.
2025-05-08 15:02:21 INFO  Utils:112 - [Utils] MethodGroupsHelper.sortMethods() took 1 ms.
2025-05-08 15:02:21 INFO  Utils:112 - [Utils] MethodGroupsHelper.collectMethodsByGroup() took 0 ms.
2025-05-08 15:02:21 INFO  Utils:112 - [Utils] MethodGroupsHelper.sortMethods() took 0 ms.
2025-05-08 15:02:21 INFO  Utils:112 - [Utils] MethodGroupsHelper.collectMethodsByGroup() took 0 ms.
2025-05-08 15:02:21 INFO  Utils:112 - [Utils] MethodGroupsHelper.sortMethods() took 0 ms.
2025-05-08 15:02:21 INFO  Utils:112 - [Utils] MethodGroupsHelper.collectMethodsByGroup() took 0 ms.
2025-05-08 15:02:21 INFO  Utils:112 - [Utils] MethodGroupsHelper.sortMethods() took 0 ms.
2025-05-08 15:02:21 INFO  Utils:112 - [Utils] MethodGroupsHelper.collectMethodsByGroup() took 5 ms.
2025-05-08 15:02:21 INFO  Utils:112 - [Utils] MethodGroupsHelper.sortMethods() took 12 ms.
2025-05-08 15:02:21 INFO  Utils:112 - [Utils] MethodGroupsHelper.collectMethodsByGroup() took 0 ms.
2025-05-08 15:02:21 INFO  Utils:112 - [Utils] MethodGroupsHelper.sortMethods() took 0 ms.
2025-05-08 15:02:21 INFO  Utils:112 - [Utils] MethodGroupsHelper.collectMethodsByGroup() took 0 ms.
2025-05-08 15:02:21 INFO  Utils:112 - [Utils] MethodGroupsHelper.sortMethods() took 0 ms.
2025-05-08 15:02:21 INFO  Utils:112 - [Utils] MethodGroupsHelper.collectMethodsByGroup() took 0 ms.
2025-05-08 15:02:21 INFO  Utils:112 - [Utils] MethodGroupsHelper.sortMethods() took 0 ms.
2025-05-08 15:02:21 INFO  Utils:112 - [Utils] MethodGroupsHelper.collectMethodsByGroup() took 0 ms.
2025-05-08 15:02:21 INFO  Utils:112 - [Utils] MethodGroupsHelper.sortMethods() took 0 ms.
2025-05-08 15:02:21 INFO  Utils:112 - [Utils] MethodGroupsHelper.collectMethodsByGroup() took 0 ms.
2025-05-08 15:02:21 INFO  Utils:112 - [Utils] MethodGroupsHelper.sortMethods() took 0 ms.
2025-05-08 15:02:21 INFO  Utils:112 - [Utils] MethodGroupsHelper.collectMethodsByGroup() took 0 ms.
2025-05-08 15:02:21 INFO  Utils:112 - [Utils] MethodGroupsHelper.sortMethods() took 0 ms.
2025-05-08 15:02:21 INFO  Utils:112 - [Utils] MethodGroupsHelper.collectMethodsByGroup() took 0 ms.
2025-05-08 15:02:21 INFO  Utils:112 - [Utils] MethodGroupsHelper.sortMethods() took 0 ms.
2025-05-08 15:02:21 INFO  Utils:112 - [Utils] MethodGroupsHelper.collectMethodsByGroup() took 0 ms.
2025-05-08 15:02:21 INFO  Utils:112 - [Utils] MethodGroupsHelper.sortMethods() took 0 ms.
2025-05-08 15:02:21 INFO  Utils:112 - [Utils] MethodGroupsHelper.collectMethodsByGroup() took 0 ms.
2025-05-08 15:02:21 INFO  Utils:112 - [Utils] MethodGroupsHelper.sortMethods() took 0 ms.
2025-05-08 15:02:21 INFO  Utils:112 - [Utils] MethodGroupsHelper.collectMethodsByGroup() took 0 ms.
2025-05-08 15:02:21 INFO  Utils:112 - [Utils] MethodGroupsHelper.sortMethods() took 0 ms.
2025-05-08 15:02:21 INFO  Utils:112 - [TestNG] Running:
  D:\OpenCart\master.xml

2025-05-08 15:02:22 INFO  Utils:112 - [Utils] DynamicGraphHelper.createDynamicGraph() took 5 ms.
2025-05-08 15:02:27 INFO  LoginDataDrivenTestCase:18 - ***** Starting TC_003_LogInDataDrivenTesting *****
2025-05-08 15:02:30 INFO  LoginDataDrivenTestCase:62 - ***** Finished TC_003_LogInDataDrivenTesting *****
2025-05-08 15:02:30 INFO  LoginDataDrivenTestCase:18 - ***** Starting TC_003_LogInDataDrivenTesting *****
2025-05-08 15:02:41 INFO  LoginDataDrivenTestCase:62 - ***** Finished TC_003_LogInDataDrivenTesting *****
2025-05-08 15:02:41 INFO  LoginDataDrivenTestCase:18 - ***** Starting TC_003_LogInDataDrivenTesting *****
2025-05-08 15:02:52 INFO  LoginDataDrivenTestCase:62 - ***** Finished TC_003_LogInDataDrivenTesting *****
2025-05-08 15:02:52 INFO  LoginDataDrivenTestCase:18 - ***** Starting TC_003_LogInDataDrivenTesting *****
2025-05-08 15:03:03 INFO  LoginDataDrivenTestCase:18 - ***** Starting TC_003_LogInDataDrivenTesting *****
2025-05-08 15:03:05 INFO  LoginDataDrivenTestCase:62 - ***** Finished TC_003_LogInDataDrivenTesting *****
2025-05-08 15:03:05 INFO  Utils:112 - [TestNG] Time taken by org.testng.internal.ExitCodeListener@3f0d6038: 0 ms
2025-05-08 15:04:34 INFO  Utils:112 - [Utils] MethodGroupsHelper.collectMethodsByGroup() took 0 ms.
2025-05-08 15:04:34 INFO  Utils:112 - [Utils] MethodGroupsHelper.sortMethods() took 1 ms.
2025-05-08 15:04:34 INFO  Utils:112 - [Utils] MethodGroupsHelper.collectMethodsByGroup() took 0 ms.
2025-05-08 15:04:34 INFO  Utils:112 - [Utils] MethodGroupsHelper.sortMethods() took 0 ms.
2025-05-08 15:04:34 INFO  Utils:112 - [Utils] MethodGroupsHelper.collectMethodsByGroup() took 0 ms.
2025-05-08 15:04:34 INFO  Utils:112 - [Utils] MethodGroupsHelper.sortMethods() took 0 ms.
2025-05-08 15:04:34 INFO  Utils:112 - [Utils] MethodGroupsHelper.collectMethodsByGroup() took 0 ms.
2025-05-08 15:04:34 INFO  Utils:112 - [Utils] MethodGroupsHelper.sortMethods() took 0 ms.
2025-05-08 15:04:34 INFO  Utils:112 - [Utils] MethodGroupsHelper.collectMethodsByGroup() took 6 ms.
2025-05-08 15:04:34 INFO  Utils:112 - [Utils] MethodGroupsHelper.sortMethods() took 12 ms.
2025-05-08 15:04:34 INFO  Utils:112 - [Utils] MethodGroupsHelper.collectMethodsByGroup() took 0 ms.
2025-05-08 15:04:34 INFO  Utils:112 - [Utils] MethodGroupsHelper.sortMethods() took 0 ms.
2025-05-08 15:04:34 INFO  Utils:112 - [Utils] MethodGroupsHelper.collectMethodsByGroup() took 0 ms.
2025-05-08 15:04:34 INFO  Utils:112 - [Utils] MethodGroupsHelper.sortMethods() took 0 ms.
2025-05-08 15:04:34 INFO  Utils:112 - [Utils] MethodGroupsHelper.collectMethodsByGroup() took 0 ms.
2025-05-08 15:04:34 INFO  Utils:112 - [Utils] MethodGroupsHelper.sortMethods() took 0 ms.
2025-05-08 15:04:34 INFO  Utils:112 - [Utils] MethodGroupsHelper.collectMethodsByGroup() took 0 ms.
2025-05-08 15:04:34 INFO  Utils:112 - [Utils] MethodGroupsHelper.sortMethods() took 0 ms.
2025-05-08 15:04:34 INFO  Utils:112 - [Utils] MethodGroupsHelper.collectMethodsByGroup() took 0 ms.
2025-05-08 15:04:34 INFO  Utils:112 - [Utils] MethodGroupsHelper.sortMethods() took 0 ms.
2025-05-08 15:04:34 INFO  Utils:112 - [Utils] MethodGroupsHelper.collectMethodsByGroup() took 0 ms.
2025-05-08 15:04:34 INFO  Utils:112 - [Utils] MethodGroupsHelper.sortMethods() took 0 ms.
2025-05-08 15:04:34 INFO  Utils:112 - [Utils] MethodGroupsHelper.collectMethodsByGroup() took 0 ms.
2025-05-08 15:04:34 INFO  Utils:112 - [Utils] MethodGroupsHelper.sortMethods() took 0 ms.
2025-05-08 15:04:34 INFO  Utils:112 - [Utils] MethodGroupsHelper.collectMethodsByGroup() took 0 ms.
2025-05-08 15:04:34 INFO  Utils:112 - [Utils] MethodGroupsHelper.sortMethods() took 0 ms.
2025-05-08 15:04:34 INFO  Utils:112 - [Utils] MethodGroupsHelper.collectMethodsByGroup() took 0 ms.
2025-05-08 15:04:34 INFO  Utils:112 - [Utils] MethodGroupsHelper.sortMethods() took 0 ms.
2025-05-08 15:04:34 INFO  Utils:112 - [Utils] MethodGroupsHelper.collectMethodsByGroup() took 0 ms.
2025-05-08 15:04:34 INFO  Utils:112 - [Utils] MethodGroupsHelper.sortMethods() took 0 ms.
2025-05-08 15:04:34 INFO  Utils:112 - [TestNG] Running:
  D:\OpenCart\master.xml

2025-05-08 15:04:34 INFO  Utils:112 - [Utils] DynamicGraphHelper.createDynamicGraph() took 4 ms.
2025-05-08 15:04:40 INFO  LoginDataDrivenTestCase:18 - ***** Starting TC_003_LogInDataDrivenTesting *****
2025-05-08 15:04:43 INFO  LoginDataDrivenTestCase:62 - ***** Finished TC_003_LogInDataDrivenTesting *****
2025-05-08 15:04:43 INFO  LoginDataDrivenTestCase:18 - ***** Starting TC_003_LogInDataDrivenTesting *****
2025-05-08 15:04:53 INFO  LoginDataDrivenTestCase:62 - ***** Finished TC_003_LogInDataDrivenTesting *****
2025-05-08 15:04:53 INFO  LoginDataDrivenTestCase:18 - ***** Starting TC_003_LogInDataDrivenTesting *****
2025-05-08 15:05:04 INFO  LoginDataDrivenTestCase:18 - ***** Starting TC_003_LogInDataDrivenTesting *****
2025-05-08 15:05:15 INFO  LoginDataDrivenTestCase:18 - ***** Starting TC_003_LogInDataDrivenTesting *****
2025-05-08 15:05:18 INFO  LoginDataDrivenTestCase:62 - ***** Finished TC_003_LogInDataDrivenTesting *****
2025-05-08 15:05:18 INFO  Utils:112 - [TestNG] Time taken by org.testng.internal.ExitCodeListener@2a369e14: 0 ms
2025-05-08 15:09:31 INFO  Utils:112 - [Utils] MethodGroupsHelper.collectMethodsByGroup() took 0 ms.
2025-05-08 15:09:31 INFO  Utils:112 - [Utils] MethodGroupsHelper.sortMethods() took 1 ms.
2025-05-08 15:09:31 INFO  Utils:112 - [Utils] MethodGroupsHelper.collectMethodsByGroup() took 0 ms.
2025-05-08 15:09:31 INFO  Utils:112 - [Utils] MethodGroupsHelper.sortMethods() took 0 ms.
2025-05-08 15:09:31 INFO  Utils:112 - [Utils] MethodGroupsHelper.collectMethodsByGroup() took 0 ms.
2025-05-08 15:09:31 INFO  Utils:112 - [Utils] MethodGroupsHelper.sortMethods() took 0 ms.
2025-05-08 15:09:31 INFO  Utils:112 - [Utils] MethodGroupsHelper.collectMethodsByGroup() took 0 ms.
2025-05-08 15:09:31 INFO  Utils:112 - [Utils] MethodGroupsHelper.sortMethods() took 0 ms.
2025-05-08 15:09:31 INFO  Utils:112 - [Utils] MethodGroupsHelper.collectMethodsByGroup() took 6 ms.
2025-05-08 15:09:31 INFO  Utils:112 - [Utils] MethodGroupsHelper.sortMethods() took 11 ms.
2025-05-08 15:09:31 INFO  Utils:112 - [Utils] MethodGroupsHelper.collectMethodsByGroup() took 0 ms.
2025-05-08 15:09:31 INFO  Utils:112 - [Utils] MethodGroupsHelper.sortMethods() took 0 ms.
2025-05-08 15:09:31 INFO  Utils:112 - [Utils] MethodGroupsHelper.collectMethodsByGroup() took 0 ms.
2025-05-08 15:09:31 INFO  Utils:112 - [Utils] MethodGroupsHelper.sortMethods() took 0 ms.
2025-05-08 15:09:31 INFO  Utils:112 - [Utils] MethodGroupsHelper.collectMethodsByGroup() took 0 ms.
2025-05-08 15:09:31 INFO  Utils:112 - [Utils] MethodGroupsHelper.sortMethods() took 0 ms.
2025-05-08 15:09:31 INFO  Utils:112 - [Utils] MethodGroupsHelper.collectMethodsByGroup() took 0 ms.
2025-05-08 15:09:31 INFO  Utils:112 - [Utils] MethodGroupsHelper.sortMethods() took 0 ms.
2025-05-08 15:09:31 INFO  Utils:112 - [Utils] MethodGroupsHelper.collectMethodsByGroup() took 0 ms.
2025-05-08 15:09:31 INFO  Utils:112 - [Utils] MethodGroupsHelper.sortMethods() took 0 ms.
2025-05-08 15:09:31 INFO  Utils:112 - [Utils] MethodGroupsHelper.collectMethodsByGroup() took 0 ms.
2025-05-08 15:09:31 INFO  Utils:112 - [Utils] MethodGroupsHelper.sortMethods() took 0 ms.
2025-05-08 15:09:31 INFO  Utils:112 - [Utils] MethodGroupsHelper.collectMethodsByGroup() took 0 ms.
2025-05-08 15:09:31 INFO  Utils:112 - [Utils] MethodGroupsHelper.sortMethods() took 0 ms.
2025-05-08 15:09:31 INFO  Utils:112 - [Utils] MethodGroupsHelper.collectMethodsByGroup() took 0 ms.
2025-05-08 15:09:31 INFO  Utils:112 - [Utils] MethodGroupsHelper.sortMethods() took 0 ms.
2025-05-08 15:09:31 INFO  Utils:112 - [Utils] MethodGroupsHelper.collectMethodsByGroup() took 0 ms.
2025-05-08 15:09:31 INFO  Utils:112 - [Utils] MethodGroupsHelper.sortMethods() took 0 ms.
2025-05-08 15:09:31 INFO  Utils:112 - [Utils] MethodGroupsHelper.collectMethodsByGroup() took 0 ms.
2025-05-08 15:09:31 INFO  Utils:112 - [Utils] MethodGroupsHelper.sortMethods() took 0 ms.
2025-05-08 15:09:31 INFO  Utils:112 - [TestNG] Running:
  D:\OpenCart\master.xml

2025-05-08 15:09:31 INFO  Utils:112 - [Utils] DynamicGraphHelper.createDynamicGraph() took 5 ms.
2025-05-08 15:09:36 INFO  LoginDataDrivenTestCase:18 - ***** Starting TC_003_LogInDataDrivenTesting *****
2025-05-08 15:09:39 INFO  LoginDataDrivenTestCase:62 - ***** Finished TC_003_LogInDataDrivenTesting *****
2025-05-08 15:09:39 INFO  LoginDataDrivenTestCase:18 - ***** Starting TC_003_LogInDataDrivenTesting *****
2025-05-08 15:09:49 INFO  LoginDataDrivenTestCase:62 - ***** Finished TC_003_LogInDataDrivenTesting *****
2025-05-08 15:09:49 INFO  LoginDataDrivenTestCase:18 - ***** Starting TC_003_LogInDataDrivenTesting *****
2025-05-08 15:09:51 INFO  LoginDataDrivenTestCase:18 - ***** Starting TC_003_LogInDataDrivenTesting *****
2025-05-08 15:10:02 INFO  LoginDataDrivenTestCase:18 - ***** Starting TC_003_LogInDataDrivenTesting *****
2025-05-08 15:10:12 INFO  Utils:112 - [TestNG] Time taken by org.testng.internal.ExitCodeListener@4fc3c165: 0 ms
2025-05-08 15:11:28 INFO  Utils:112 - [Utils] MethodGroupsHelper.collectMethodsByGroup() took 0 ms.
2025-05-08 15:11:28 INFO  Utils:112 - [Utils] MethodGroupsHelper.sortMethods() took 1 ms.
2025-05-08 15:11:28 INFO  Utils:112 - [Utils] MethodGroupsHelper.collectMethodsByGroup() took 0 ms.
2025-05-08 15:11:28 INFO  Utils:112 - [Utils] MethodGroupsHelper.sortMethods() took 0 ms.
2025-05-08 15:11:28 INFO  Utils:112 - [Utils] MethodGroupsHelper.collectMethodsByGroup() took 0 ms.
2025-05-08 15:11:28 INFO  Utils:112 - [Utils] MethodGroupsHelper.sortMethods() took 0 ms.
2025-05-08 15:11:28 INFO  Utils:112 - [Utils] MethodGroupsHelper.collectMethodsByGroup() took 0 ms.
2025-05-08 15:11:28 INFO  Utils:112 - [Utils] MethodGroupsHelper.sortMethods() took 0 ms.
2025-05-08 15:11:28 INFO  Utils:112 - [Utils] MethodGroupsHelper.collectMethodsByGroup() took 6 ms.
2025-05-08 15:11:28 INFO  Utils:112 - [Utils] MethodGroupsHelper.sortMethods() took 11 ms.
2025-05-08 15:11:28 INFO  Utils:112 - [Utils] MethodGroupsHelper.collectMethodsByGroup() took 0 ms.
2025-05-08 15:11:28 INFO  Utils:112 - [Utils] MethodGroupsHelper.sortMethods() took 0 ms.
2025-05-08 15:11:28 INFO  Utils:112 - [Utils] MethodGroupsHelper.collectMethodsByGroup() took 0 ms.
2025-05-08 15:11:28 INFO  Utils:112 - [Utils] MethodGroupsHelper.sortMethods() took 0 ms.
2025-05-08 15:11:28 INFO  Utils:112 - [Utils] MethodGroupsHelper.collectMethodsByGroup() took 0 ms.
2025-05-08 15:11:28 INFO  Utils:112 - [Utils] MethodGroupsHelper.sortMethods() took 0 ms.
2025-05-08 15:11:28 INFO  Utils:112 - [Utils] MethodGroupsHelper.collectMethodsByGroup() took 0 ms.
2025-05-08 15:11:28 INFO  Utils:112 - [Utils] MethodGroupsHelper.sortMethods() took 0 ms.
2025-05-08 15:11:28 INFO  Utils:112 - [Utils] MethodGroupsHelper.collectMethodsByGroup() took 0 ms.
2025-05-08 15:11:28 INFO  Utils:112 - [Utils] MethodGroupsHelper.sortMethods() took 0 ms.
2025-05-08 15:11:28 INFO  Utils:112 - [Utils] MethodGroupsHelper.collectMethodsByGroup() took 0 ms.
2025-05-08 15:11:28 INFO  Utils:112 - [Utils] MethodGroupsHelper.sortMethods() took 0 ms.
2025-05-08 15:11:28 INFO  Utils:112 - [Utils] MethodGroupsHelper.collectMethodsByGroup() took 0 ms.
2025-05-08 15:11:28 INFO  Utils:112 - [Utils] MethodGroupsHelper.sortMethods() took 0 ms.
2025-05-08 15:11:28 INFO  Utils:112 - [Utils] MethodGroupsHelper.collectMethodsByGroup() took 0 ms.
2025-05-08 15:11:28 INFO  Utils:112 - [Utils] MethodGroupsHelper.sortMethods() took 0 ms.
2025-05-08 15:11:28 INFO  Utils:112 - [Utils] MethodGroupsHelper.collectMethodsByGroup() took 0 ms.
2025-05-08 15:11:28 INFO  Utils:112 - [Utils] MethodGroupsHelper.sortMethods() took 0 ms.
2025-05-08 15:11:28 INFO  Utils:112 - [Utils] MethodGroupsHelper.collectMethodsByGroup() took 0 ms.
2025-05-08 15:11:28 INFO  Utils:112 - [Utils] MethodGroupsHelper.sortMethods() took 0 ms.
2025-05-08 15:11:28 INFO  Utils:112 - [TestNG] Running:
  D:\OpenCart\master.xml

2025-05-08 15:11:28 INFO  Utils:112 - [Utils] DynamicGraphHelper.createDynamicGraph() took 4 ms.
2025-05-08 15:11:33 INFO  LoginDataDrivenTestCase:18 - ***** Starting TC_003_LogInDataDrivenTesting *****
2025-05-08 15:11:36 INFO  LoginDataDrivenTestCase:62 - ***** Finished TC_003_LogInDataDrivenTesting *****
2025-05-08 15:11:36 INFO  LoginDataDrivenTestCase:18 - ***** Starting TC_003_LogInDataDrivenTesting *****
2025-05-08 15:11:47 INFO  LoginDataDrivenTestCase:18 - ***** Starting TC_003_LogInDataDrivenTesting *****
2025-05-08 15:11:49 INFO  LoginDataDrivenTestCase:62 - ***** Finished TC_003_LogInDataDrivenTesting *****
2025-05-08 15:11:49 INFO  LoginDataDrivenTestCase:18 - ***** Starting TC_003_LogInDataDrivenTesting *****
2025-05-08 15:12:00 INFO  LoginDataDrivenTestCase:18 - ***** Starting TC_003_LogInDataDrivenTesting *****
2025-05-08 15:12:03 INFO  LoginDataDrivenTestCase:62 - ***** Finished TC_003_LogInDataDrivenTesting *****
2025-05-08 15:12:03 INFO  Utils:112 - [TestNG] Time taken by org.testng.internal.ExitCodeListener@423b2b62: 0 ms
2025-05-08 15:22:48 INFO  Utils:112 - [Utils] MethodGroupsHelper.collectMethodsByGroup() took 0 ms.
2025-05-08 15:22:48 INFO  Utils:112 - [Utils] MethodGroupsHelper.sortMethods() took 1 ms.
2025-05-08 15:22:48 INFO  Utils:112 - [Utils] MethodGroupsHelper.collectMethodsByGroup() took 0 ms.
2025-05-08 15:22:48 INFO  Utils:112 - [Utils] MethodGroupsHelper.sortMethods() took 0 ms.
2025-05-08 15:22:48 INFO  Utils:112 - [Utils] MethodGroupsHelper.collectMethodsByGroup() took 0 ms.
2025-05-08 15:22:48 INFO  Utils:112 - [Utils] MethodGroupsHelper.sortMethods() took 0 ms.
2025-05-08 15:22:48 INFO  Utils:112 - [Utils] MethodGroupsHelper.collectMethodsByGroup() took 0 ms.
2025-05-08 15:22:48 INFO  Utils:112 - [Utils] MethodGroupsHelper.sortMethods() took 0 ms.
2025-05-08 15:22:48 INFO  Utils:112 - [Utils] MethodGroupsHelper.collectMethodsByGroup() took 6 ms.
2025-05-08 15:22:48 INFO  Utils:112 - [Utils] MethodGroupsHelper.sortMethods() took 12 ms.
2025-05-08 15:22:48 INFO  Utils:112 - [Utils] MethodGroupsHelper.collectMethodsByGroup() took 0 ms.
2025-05-08 15:22:48 INFO  Utils:112 - [Utils] MethodGroupsHelper.sortMethods() took 0 ms.
2025-05-08 15:22:48 INFO  Utils:112 - [Utils] MethodGroupsHelper.collectMethodsByGroup() took 0 ms.
2025-05-08 15:22:48 INFO  Utils:112 - [Utils] MethodGroupsHelper.sortMethods() took 0 ms.
2025-05-08 15:22:48 INFO  Utils:112 - [Utils] MethodGroupsHelper.collectMethodsByGroup() took 0 ms.
2025-05-08 15:22:48 INFO  Utils:112 - [Utils] MethodGroupsHelper.sortMethods() took 0 ms.
2025-05-08 15:22:48 INFO  Utils:112 - [Utils] MethodGroupsHelper.collectMethodsByGroup() took 0 ms.
2025-05-08 15:22:48 INFO  Utils:112 - [Utils] MethodGroupsHelper.sortMethods() took 0 ms.
2025-05-08 15:22:48 INFO  Utils:112 - [Utils] MethodGroupsHelper.collectMethodsByGroup() took 0 ms.
2025-05-08 15:22:48 INFO  Utils:112 - [Utils] MethodGroupsHelper.sortMethods() took 0 ms.
2025-05-08 15:22:48 INFO  Utils:112 - [Utils] MethodGroupsHelper.collectMethodsByGroup() took 0 ms.
2025-05-08 15:22:48 INFO  Utils:112 - [Utils] MethodGroupsHelper.sortMethods() took 0 ms.
2025-05-08 15:22:48 INFO  Utils:112 - [Utils] MethodGroupsHelper.collectMethodsByGroup() took 0 ms.
2025-05-08 15:22:48 INFO  Utils:112 - [Utils] MethodGroupsHelper.sortMethods() took 0 ms.
2025-05-08 15:22:48 INFO  Utils:112 - [Utils] MethodGroupsHelper.collectMethodsByGroup() took 0 ms.
2025-05-08 15:22:48 INFO  Utils:112 - [Utils] MethodGroupsHelper.sortMethods() took 0 ms.
2025-05-08 15:22:48 INFO  Utils:112 - [Utils] MethodGroupsHelper.collectMethodsByGroup() took 0 ms.
2025-05-08 15:22:48 INFO  Utils:112 - [Utils] MethodGroupsHelper.sortMethods() took 0 ms.
2025-05-08 15:22:48 INFO  Utils:112 - [Utils] MethodGroupsHelper.collectMethodsByGroup() took 0 ms.
2025-05-08 15:22:48 INFO  Utils:112 - [Utils] MethodGroupsHelper.sortMethods() took 0 ms.
2025-05-08 15:22:48 INFO  Utils:112 - [TestNG] Running:
  D:\OpenCart\master.xml

2025-05-08 15:22:48 INFO  Utils:112 - [Utils] DynamicGraphHelper.createDynamicGraph() took 5 ms.
2025-05-08 15:22:54 INFO  LoginDataDrivenTestCase:18 - ***** Starting TC_003_LogInDataDrivenTesting *****
2025-05-08 15:22:56 INFO  LoginDataDrivenTestCase:62 - ***** Finished TC_003_LogInDataDrivenTesting *****
2025-05-08 15:22:56 INFO  LoginDataDrivenTestCase:18 - ***** Starting TC_003_LogInDataDrivenTesting *****
2025-05-08 15:23:07 INFO  LoginDataDrivenTestCase:62 - ***** Finished TC_003_LogInDataDrivenTesting *****
2025-05-08 15:23:07 INFO  LoginDataDrivenTestCase:18 - ***** Starting TC_003_LogInDataDrivenTesting *****
2025-05-08 15:23:09 INFO  LoginDataDrivenTestCase:62 - ***** Finished TC_003_LogInDataDrivenTesting *****
2025-05-08 15:23:09 INFO  LoginDataDrivenTestCase:18 - ***** Starting TC_003_LogInDataDrivenTesting *****
2025-05-08 15:23:20 INFO  LoginDataDrivenTestCase:62 - ***** Finished TC_003_LogInDataDrivenTesting *****
2025-05-08 15:23:20 INFO  LoginDataDrivenTestCase:18 - ***** Starting TC_003_LogInDataDrivenTesting *****
2025-05-08 15:23:23 INFO  LoginDataDrivenTestCase:62 - ***** Finished TC_003_LogInDataDrivenTesting *****
2025-05-08 15:23:23 INFO  Utils:112 - [TestNG] Time taken by org.testng.internal.ExitCodeListener@372ca2d6: 0 ms
2025-05-08 15:37:57 INFO  Utils:112 - [Utils] MethodGroupsHelper.collectMethodsByGroup() took 0 ms.
2025-05-08 15:37:57 INFO  Utils:112 - [Utils] MethodGroupsHelper.sortMethods() took 1 ms.
2025-05-08 15:37:57 INFO  Utils:112 - [Utils] MethodGroupsHelper.collectMethodsByGroup() took 0 ms.
2025-05-08 15:37:57 INFO  Utils:112 - [Utils] MethodGroupsHelper.sortMethods() took 0 ms.
2025-05-08 15:37:57 INFO  Utils:112 - [Utils] MethodGroupsHelper.collectMethodsByGroup() took 0 ms.
2025-05-08 15:37:57 INFO  Utils:112 - [Utils] MethodGroupsHelper.sortMethods() took 0 ms.
2025-05-08 15:37:57 INFO  Utils:112 - [Utils] MethodGroupsHelper.collectMethodsByGroup() took 0 ms.
2025-05-08 15:37:57 INFO  Utils:112 - [Utils] MethodGroupsHelper.sortMethods() took 0 ms.
2025-05-08 15:37:57 INFO  Utils:112 - [Utils] MethodGroupsHelper.collectMethodsByGroup() took 9 ms.
2025-05-08 15:37:57 INFO  Utils:112 - [Utils] MethodGroupsHelper.sortMethods() took 15 ms.
2025-05-08 15:37:57 INFO  Utils:112 - [Utils] MethodGroupsHelper.collectMethodsByGroup() took 0 ms.
2025-05-08 15:37:57 INFO  Utils:112 - [Utils] MethodGroupsHelper.sortMethods() took 0 ms.
2025-05-08 15:37:57 INFO  Utils:112 - [Utils] MethodGroupsHelper.collectMethodsByGroup() took 0 ms.
2025-05-08 15:37:57 INFO  Utils:112 - [Utils] MethodGroupsHelper.sortMethods() took 0 ms.
2025-05-08 15:37:57 INFO  Utils:112 - [Utils] MethodGroupsHelper.collectMethodsByGroup() took 0 ms.
2025-05-08 15:37:57 INFO  Utils:112 - [Utils] MethodGroupsHelper.sortMethods() took 0 ms.
2025-05-08 15:37:57 INFO  Utils:112 - [Utils] MethodGroupsHelper.collectMethodsByGroup() took 0 ms.
2025-05-08 15:37:57 INFO  Utils:112 - [Utils] MethodGroupsHelper.sortMethods() took 0 ms.
2025-05-08 15:37:57 INFO  Utils:112 - [Utils] MethodGroupsHelper.collectMethodsByGroup() took 0 ms.
2025-05-08 15:37:57 INFO  Utils:112 - [Utils] MethodGroupsHelper.sortMethods() took 0 ms.
2025-05-08 15:37:57 INFO  Utils:112 - [Utils] MethodGroupsHelper.collectMethodsByGroup() took 0 ms.
2025-05-08 15:37:57 INFO  Utils:112 - [Utils] MethodGroupsHelper.sortMethods() took 0 ms.
2025-05-08 15:37:57 INFO  Utils:112 - [Utils] MethodGroupsHelper.collectMethodsByGroup() took 0 ms.
2025-05-08 15:37:57 INFO  Utils:112 - [Utils] MethodGroupsHelper.sortMethods() took 0 ms.
2025-05-08 15:37:57 INFO  Utils:112 - [Utils] MethodGroupsHelper.collectMethodsByGroup() took 0 ms.
2025-05-08 15:37:57 INFO  Utils:112 - [Utils] MethodGroupsHelper.sortMethods() took 0 ms.
2025-05-08 15:37:57 INFO  Utils:112 - [Utils] MethodGroupsHelper.collectMethodsByGroup() took 0 ms.
2025-05-08 15:37:57 INFO  Utils:112 - [Utils] MethodGroupsHelper.sortMethods() took 0 ms.
2025-05-08 15:37:57 INFO  Utils:112 - [Utils] MethodGroupsHelper.collectMethodsByGroup() took 0 ms.
2025-05-08 15:37:57 INFO  Utils:112 - [Utils] MethodGroupsHelper.sortMethods() took 0 ms.
2025-05-08 15:37:57 INFO  Utils:112 - [TestNG] Running:
  D:\OpenCart\master.xml

2025-05-08 15:37:57 INFO  Utils:112 - [Utils] DynamicGraphHelper.createDynamicGraph() took 8 ms.
2025-05-08 15:38:04 INFO  LoginDataDrivenTestCase:18 - ***** Starting TC_003_LogInDataDrivenTesting *****
2025-05-08 15:38:07 INFO  LoginDataDrivenTestCase:62 - ***** Finished TC_003_LogInDataDrivenTesting *****
2025-05-08 15:38:07 INFO  LoginDataDrivenTestCase:18 - ***** Starting TC_003_LogInDataDrivenTesting *****
2025-05-08 15:38:18 INFO  LoginDataDrivenTestCase:62 - ***** Finished TC_003_LogInDataDrivenTesting *****
2025-05-08 15:38:18 INFO  LoginDataDrivenTestCase:18 - ***** Starting TC_003_LogInDataDrivenTesting *****
2025-05-08 15:38:20 INFO  LoginDataDrivenTestCase:62 - ***** Finished TC_003_LogInDataDrivenTesting *****
2025-05-08 15:38:20 INFO  LoginDataDrivenTestCase:18 - ***** Starting TC_003_LogInDataDrivenTesting *****
2025-05-08 15:38:32 INFO  LoginDataDrivenTestCase:62 - ***** Finished TC_003_LogInDataDrivenTesting *****
2025-05-08 15:38:32 INFO  LoginDataDrivenTestCase:18 - ***** Starting TC_003_LogInDataDrivenTesting *****
2025-05-08 15:38:34 INFO  LoginDataDrivenTestCase:62 - ***** Finished TC_003_LogInDataDrivenTesting *****
2025-05-08 15:38:34 INFO  LoginDataDrivenTestCase:18 - ***** Starting TC_003_LogInDataDrivenTesting *****
2025-05-08 15:38:46 INFO  LoginDataDrivenTestCase:62 - ***** Finished TC_003_LogInDataDrivenTesting *****
2025-05-08 15:38:46 INFO  Utils:112 - [TestNG] Time taken by org.testng.internal.ExitCodeListener@4acc5dff: 0 ms
2025-05-08 16:07:19 INFO  Utils:112 - [Utils] MethodGroupsHelper.collectMethodsByGroup() took 2 ms.
2025-05-08 16:07:19 INFO  Utils:112 - [Utils] MethodGroupsHelper.sortMethods() took 1 ms.
2025-05-08 16:07:19 INFO  Utils:112 - [Utils] MethodGroupsHelper.collectMethodsByGroup() took 0 ms.
2025-05-08 16:07:19 INFO  Utils:112 - [Utils] MethodGroupsHelper.sortMethods() took 0 ms.
2025-05-08 16:07:19 INFO  Utils:112 - [Utils] MethodGroupsHelper.collectMethodsByGroup() took 0 ms.
2025-05-08 16:07:19 INFO  Utils:112 - [Utils] MethodGroupsHelper.sortMethods() took 0 ms.
2025-05-08 16:07:19 INFO  Utils:112 - [Utils] MethodGroupsHelper.collectMethodsByGroup() took 0 ms.
2025-05-08 16:07:19 INFO  Utils:112 - [Utils] MethodGroupsHelper.sortMethods() took 0 ms.
2025-05-08 16:07:19 INFO  Utils:112 - [Utils] MethodGroupsHelper.collectMethodsByGroup() took 9 ms.
2025-05-08 16:07:19 INFO  Utils:112 - [Utils] MethodGroupsHelper.sortMethods() took 0 ms.
2025-05-08 16:07:19 INFO  Utils:112 - [Utils] MethodGroupsHelper.collectMethodsByGroup() took 0 ms.
2025-05-08 16:07:19 INFO  Utils:112 - [Utils] MethodGroupsHelper.sortMethods() took 0 ms.
2025-05-08 16:07:19 INFO  Utils:112 - [Utils] MethodGroupsHelper.collectMethodsByGroup() took 0 ms.
2025-05-08 16:07:19 INFO  Utils:112 - [Utils] MethodGroupsHelper.sortMethods() took 0 ms.
2025-05-08 16:07:19 INFO  Utils:112 - [Utils] MethodGroupsHelper.collectMethodsByGroup() took 0 ms.
2025-05-08 16:07:19 INFO  Utils:112 - [Utils] MethodGroupsHelper.sortMethods() took 0 ms.
2025-05-08 16:07:19 INFO  Utils:112 - [Utils] MethodGroupsHelper.collectMethodsByGroup() took 0 ms.
2025-05-08 16:07:19 INFO  Utils:112 - [Utils] MethodGroupsHelper.sortMethods() took 0 ms.
2025-05-08 16:07:19 INFO  Utils:112 - [Utils] MethodGroupsHelper.collectMethodsByGroup() took 0 ms.
2025-05-08 16:07:19 INFO  Utils:112 - [Utils] MethodGroupsHelper.sortMethods() took 0 ms.
2025-05-08 16:07:19 INFO  Utils:112 - [Utils] MethodGroupsHelper.collectMethodsByGroup() took 0 ms.
2025-05-08 16:07:19 INFO  Utils:112 - [Utils] MethodGroupsHelper.sortMethods() took 0 ms.
2025-05-08 16:07:19 INFO  Utils:112 - [Utils] MethodGroupsHelper.collectMethodsByGroup() took 0 ms.
2025-05-08 16:07:19 INFO  Utils:112 - [Utils] MethodGroupsHelper.sortMethods() took 0 ms.
2025-05-08 16:07:19 INFO  Utils:112 - [Utils] MethodGroupsHelper.collectMethodsByGroup() took 0 ms.
2025-05-08 16:07:19 INFO  Utils:112 - [Utils] MethodGroupsHelper.sortMethods() took 0 ms.
2025-05-08 16:07:19 INFO  Utils:112 - [Utils] MethodGroupsHelper.collectMethodsByGroup() took 0 ms.
2025-05-08 16:07:19 INFO  Utils:112 - [Utils] MethodGroupsHelper.sortMethods() took 0 ms.
2025-05-08 16:07:19 INFO  Utils:112 - [Utils] MethodGroupsHelper.collectMethodsByGroup() took 0 ms.
2025-05-08 16:07:19 INFO  Utils:112 - [Utils] MethodGroupsHelper.sortMethods() took 0 ms.
2025-05-08 16:07:19 INFO  Utils:112 - [Utils] MethodGroupsHelper.collectMethodsByGroup() took 0 ms.
2025-05-08 16:07:19 INFO  Utils:112 - [Utils] MethodGroupsHelper.sortMethods() took 0 ms.
2025-05-08 16:07:19 INFO  Utils:112 - [Utils] MethodGroupsHelper.collectMethodsByGroup() took 0 ms.
2025-05-08 16:07:19 INFO  Utils:112 - [Utils] MethodGroupsHelper.sortMethods() took 0 ms.
2025-05-08 16:07:19 INFO  Utils:112 - [Utils] MethodGroupsHelper.collectMethodsByGroup() took 0 ms.
2025-05-08 16:07:19 INFO  Utils:112 - [Utils] MethodGroupsHelper.sortMethods() took 0 ms.
2025-05-08 16:07:19 INFO  Utils:112 - [Utils] MethodGroupsHelper.collectMethodsByGroup() took 0 ms.
2025-05-08 16:07:19 INFO  Utils:112 - [Utils] MethodGroupsHelper.sortMethods() took 0 ms.
2025-05-08 16:07:19 INFO  Utils:112 - [Utils] MethodGroupsHelper.collectMethodsByGroup() took 0 ms.
2025-05-08 16:07:19 INFO  Utils:112 - [Utils] MethodGroupsHelper.sortMethods() took 0 ms.
2025-05-08 16:07:19 INFO  Utils:112 - [Utils] MethodGroupsHelper.collectMethodsByGroup() took 0 ms.
2025-05-08 16:07:19 INFO  Utils:112 - [Utils] MethodGroupsHelper.sortMethods() took 0 ms.
2025-05-08 16:07:19 INFO  Utils:112 - [Utils] MethodGroupsHelper.collectMethodsByGroup() took 0 ms.
2025-05-08 16:07:19 INFO  Utils:112 - [Utils] MethodGroupsHelper.sortMethods() took 0 ms.
2025-05-08 16:07:19 INFO  Utils:112 - [Utils] MethodGroupsHelper.collectMethodsByGroup() took 0 ms.
2025-05-08 16:07:19 INFO  Utils:112 - [Utils] MethodGroupsHelper.sortMethods() took 0 ms.
2025-05-08 16:07:19 INFO  Utils:112 - [Utils] MethodGroupsHelper.collectMethodsByGroup() took 0 ms.
2025-05-08 16:07:19 INFO  Utils:112 - [Utils] MethodGroupsHelper.sortMethods() took 0 ms.
2025-05-08 16:07:19 INFO  Utils:112 - [Utils] MethodGroupsHelper.collectMethodsByGroup() took 0 ms.
2025-05-08 16:07:19 INFO  Utils:112 - [Utils] MethodGroupsHelper.sortMethods() took 0 ms.
2025-05-08 16:07:19 INFO  Utils:112 - [TestNG] Running:
  D:\OpenCart\grouping.xml

2025-05-08 16:07:19 INFO  Utils:112 - [Utils] DynamicGraphHelper.createDynamicGraph() took 3 ms.
2025-05-08 16:07:19 INFO  Utils:112 - [TestNG] Time taken by org.testng.internal.ExitCodeListener@1e8b7643: 0 ms
2025-05-08 16:09:33 INFO  Utils:112 - [Utils] MethodGroupsHelper.collectMethodsByGroup() took 1 ms.
2025-05-08 16:09:33 INFO  Utils:112 - [Utils] MethodGroupsHelper.sortMethods() took 1 ms.
2025-05-08 16:09:33 INFO  Utils:112 - [Utils] MethodGroupsHelper.collectMethodsByGroup() took 0 ms.
2025-05-08 16:09:33 INFO  Utils:112 - [Utils] MethodGroupsHelper.sortMethods() took 0 ms.
2025-05-08 16:09:33 INFO  Utils:112 - [Utils] MethodGroupsHelper.collectMethodsByGroup() took 0 ms.
2025-05-08 16:09:33 INFO  Utils:112 - [Utils] MethodGroupsHelper.sortMethods() took 0 ms.
2025-05-08 16:09:33 INFO  Utils:112 - [Utils] MethodGroupsHelper.collectMethodsByGroup() took 0 ms.
2025-05-08 16:09:33 INFO  Utils:112 - [Utils] MethodGroupsHelper.sortMethods() took 0 ms.
2025-05-08 16:09:33 INFO  Utils:112 - [Utils] MethodGroupsHelper.collectMethodsByGroup() took 8 ms.
2025-05-08 16:09:33 INFO  Utils:112 - [Utils] MethodGroupsHelper.sortMethods() took 16 ms.
2025-05-08 16:09:33 INFO  Utils:112 - [Utils] MethodGroupsHelper.collectMethodsByGroup() took 0 ms.
2025-05-08 16:09:33 INFO  Utils:112 - [Utils] MethodGroupsHelper.sortMethods() took 0 ms.
2025-05-08 16:09:33 INFO  Utils:112 - [Utils] MethodGroupsHelper.collectMethodsByGroup() took 0 ms.
2025-05-08 16:09:33 INFO  Utils:112 - [Utils] MethodGroupsHelper.sortMethods() took 0 ms.
2025-05-08 16:09:33 INFO  Utils:112 - [Utils] MethodGroupsHelper.collectMethodsByGroup() took 0 ms.
2025-05-08 16:09:33 INFO  Utils:112 - [Utils] MethodGroupsHelper.sortMethods() took 0 ms.
2025-05-08 16:09:33 INFO  Utils:112 - [Utils] MethodGroupsHelper.collectMethodsByGroup() took 0 ms.
2025-05-08 16:09:33 INFO  Utils:112 - [Utils] MethodGroupsHelper.sortMethods() took 0 ms.
2025-05-08 16:09:33 INFO  Utils:112 - [Utils] MethodGroupsHelper.collectMethodsByGroup() took 0 ms.
2025-05-08 16:09:33 INFO  Utils:112 - [Utils] MethodGroupsHelper.sortMethods() took 0 ms.
2025-05-08 16:09:33 INFO  Utils:112 - [Utils] MethodGroupsHelper.collectMethodsByGroup() took 0 ms.
2025-05-08 16:09:33 INFO  Utils:112 - [Utils] MethodGroupsHelper.sortMethods() took 0 ms.
2025-05-08 16:09:33 INFO  Utils:112 - [Utils] MethodGroupsHelper.collectMethodsByGroup() took 0 ms.
2025-05-08 16:09:33 INFO  Utils:112 - [Utils] MethodGroupsHelper.sortMethods() took 0 ms.
2025-05-08 16:09:33 INFO  Utils:112 - [Utils] MethodGroupsHelper.collectMethodsByGroup() took 0 ms.
2025-05-08 16:09:33 INFO  Utils:112 - [Utils] MethodGroupsHelper.sortMethods() took 0 ms.
2025-05-08 16:09:33 INFO  Utils:112 - [Utils] MethodGroupsHelper.collectMethodsByGroup() took 0 ms.
2025-05-08 16:09:33 INFO  Utils:112 - [Utils] MethodGroupsHelper.sortMethods() took 0 ms.
2025-05-08 16:09:33 INFO  Utils:112 - [Utils] MethodGroupsHelper.collectMethodsByGroup() took 0 ms.
2025-05-08 16:09:33 INFO  Utils:112 - [Utils] MethodGroupsHelper.sortMethods() took 1 ms.
2025-05-08 16:09:33 INFO  Utils:112 - [Utils] MethodGroupsHelper.collectMethodsByGroup() took 0 ms.
2025-05-08 16:09:33 INFO  Utils:112 - [Utils] MethodGroupsHelper.sortMethods() took 0 ms.
2025-05-08 16:09:33 INFO  Utils:112 - [Utils] MethodGroupsHelper.collectMethodsByGroup() took 0 ms.
2025-05-08 16:09:33 INFO  Utils:112 - [Utils] MethodGroupsHelper.sortMethods() took 0 ms.
2025-05-08 16:09:33 INFO  Utils:112 - [Utils] MethodGroupsHelper.collectMethodsByGroup() took 0 ms.
2025-05-08 16:09:33 INFO  Utils:112 - [Utils] MethodGroupsHelper.sortMethods() took 0 ms.
2025-05-08 16:09:33 INFO  Utils:112 - [Utils] MethodGroupsHelper.collectMethodsByGroup() took 0 ms.
2025-05-08 16:09:33 INFO  Utils:112 - [Utils] MethodGroupsHelper.sortMethods() took 0 ms.
2025-05-08 16:09:33 INFO  Utils:112 - [Utils] MethodGroupsHelper.collectMethodsByGroup() took 0 ms.
2025-05-08 16:09:33 INFO  Utils:112 - [Utils] MethodGroupsHelper.sortMethods() took 0 ms.
2025-05-08 16:09:33 INFO  Utils:112 - [Utils] MethodGroupsHelper.collectMethodsByGroup() took 0 ms.
2025-05-08 16:09:33 INFO  Utils:112 - [Utils] MethodGroupsHelper.sortMethods() took 0 ms.
2025-05-08 16:09:33 INFO  Utils:112 - [Utils] MethodGroupsHelper.collectMethodsByGroup() took 0 ms.
2025-05-08 16:09:33 INFO  Utils:112 - [Utils] MethodGroupsHelper.sortMethods() took 0 ms.
2025-05-08 16:09:33 INFO  Utils:112 - [Utils] MethodGroupsHelper.collectMethodsByGroup() took 0 ms.
2025-05-08 16:09:33 INFO  Utils:112 - [Utils] MethodGroupsHelper.sortMethods() took 4 ms.
2025-05-08 16:09:33 INFO  Utils:112 - [Utils] MethodGroupsHelper.collectMethodsByGroup() took 0 ms.
2025-05-08 16:09:33 INFO  Utils:112 - [Utils] MethodGroupsHelper.sortMethods() took 0 ms.
2025-05-08 16:09:33 INFO  Utils:112 - [Utils] MethodGroupsHelper.collectMethodsByGroup() took 0 ms.
2025-05-08 16:09:33 INFO  Utils:112 - [Utils] MethodGroupsHelper.sortMethods() took 0 ms.
2025-05-08 16:09:33 INFO  Utils:112 - [TestNG] Running:
  D:\OpenCart\grouping.xml

2025-05-08 16:09:33 INFO  Utils:112 - [Utils] DynamicGraphHelper.createDynamicGraph() took 8 ms.
2025-05-08 16:09:38 INFO  AccountRegistrationTest:14 - ***** Starting AccountRegistrationTest *****
2025-05-08 16:09:38 INFO  AccountRegistrationTest:19 - Clicked on MyAccount Link...
2025-05-08 16:09:39 INFO  AccountRegistrationTest:21 - Clicked on Register Link...
2025-05-08 16:09:39 INFO  AccountRegistrationTest:23 - Providing customer details...
2025-05-08 16:09:41 INFO  AccountRegistrationTest:38 - Validating expected message...
2025-05-08 16:09:41 INFO  AccountRegistrationTest:47 - ***** Finished AccountRegistrationTest *****
2025-05-08 16:09:44 INFO  LoginTest:15 - ***** Starting TC_002_LoginTest *****
2025-05-08 16:09:46 INFO  LoginTest:35 - ***** Finished TC_002_LoginTest *****
2025-05-08 16:09:46 INFO  Utils:112 - [TestNG] Time taken by org.testng.internal.ExitCodeListener@5560bcdf: 0 ms
